  [1m[35m (0.2ms)[0m  [1m[34mSELECT pg_try_advisory_lock(1012438380612816990);[0m
  [1m[36mActiveRecord::SchemaMigration Load (44.7ms)[0m  [1m[34mSELECT "schema_migrations".* FROM "schema_migrations"[0m
Migrating to ChangeModerationStateInThreaddedUserDetails (20180701181244)
  [1m[35m (0.2ms)[0m  [1m[35mBEGIN[0m
  [1m[35m (142.4ms)[0m  [1m[35mALTER TABLE "thredded_user_details" ALTER COLUMN "moderation_state" SET DEFAULT 1[0m
  [1m[35mSQL (0.4ms)[0m  [1m[32mINSERT INTO "schema_migrations" ("version") VALUES ($1) RETURNING "version"[0m  [["version", "20180701181244"]]
  [1m[35m (23.1ms)[0m  [1m[35mCOMMIT[0m
  [1m[36mActiveRecord::InternalMetadata Load (23.6ms)[0m  [1m[34mSELECT  "ar_internal_metadata".* FROM "ar_internal_metadata" WHERE "ar_internal_metadata"."key" = $1 LIMIT $2[0m  [["key", "environment"], ["LIMIT", 1]]
  [1m[35m (0.1ms)[0m  [1m[35mBEGIN[0m
  [1m[35m (0.1ms)[0m  [1m[35mCOMMIT[0m
  [1m[35m (0.2ms)[0m  [1m[34mSELECT pg_advisory_unlock(1012438380612816990)[0m
  [1m[36mActiveRecord::SchemaMigration Load (0.2ms)[0m  [1m[34mSELECT "schema_migrations".* FROM "schema_migrations"[0m
Started GET "/" for 127.0.0.1 at 2018-07-02 00:07:04 +0530
  [1m[36mActiveRecord::SchemaMigration Load (0.4ms)[0m  [1m[34mSELECT "schema_migrations".* FROM "schema_migrations"[0m
Processing by MoviesController#index as HTML
  Rendering movies/index.html.erb within layouts/application
  [1m[35m (33.5ms)[0m  [1m[34mSELECT COUNT(*) FROM "movies"[0m
  [1m[36mMovie Load (0.5ms)[0m  [1m[34mSELECT  "movies".* FROM "movies" LIMIT $1 OFFSET $2[0m  [["LIMIT", 8], ["OFFSET", 0]]
  [1m[36mRatingCache Load (70.5ms)[0m  [1m[34mSELECT  "rating_caches".* FROM "rating_caches" WHERE "rating_caches"."cacheable_id" = $1 AND "rating_caches"."cacheable_type" = $2 AND "rating_caches"."dimension" = $3 LIMIT $4[0m  [["cacheable_id", 1], ["cacheable_type", "Movie"], ["dimension", "quality"], ["LIMIT", 1]]
  Rendered likes/_form.html.erb (0.4ms)
  [1m[36mRatingCache Load (0.4ms)[0m  [1m[34mSELECT  "rating_caches".* FROM "rating_caches" WHERE "rating_caches"."cacheable_id" = $1 AND "rating_caches"."cacheable_type" = $2 AND "rating_caches"."dimension" = $3 LIMIT $4[0m  [["cacheable_id", 2], ["cacheable_type", "Movie"], ["dimension", "quality"], ["LIMIT", 1]]
  Rendered likes/_form.html.erb (0.2ms)
  [1m[36mRatingCache Load (0.4ms)[0m  [1m[34mSELECT  "rating_caches".* FROM "rating_caches" WHERE "rating_caches"."cacheable_id" = $1 AND "rating_caches"."cacheable_type" = $2 AND "rating_caches"."dimension" = $3 LIMIT $4[0m  [["cacheable_id", 3], ["cacheable_type", "Movie"], ["dimension", "quality"], ["LIMIT", 1]]
  Rendered likes/_form.html.erb (0.1ms)
  [1m[36mRatingCache Load (0.3ms)[0m  [1m[34mSELECT  "rating_caches".* FROM "rating_caches" WHERE "rating_caches"."cacheable_id" = $1 AND "rating_caches"."cacheable_type" = $2 AND "rating_caches"."dimension" = $3 LIMIT $4[0m  [["cacheable_id", 4], ["cacheable_type", "Movie"], ["dimension", "quality"], ["LIMIT", 1]]
  Rendered likes/_form.html.erb (0.1ms)
  [1m[36mRatingCache Load (0.2ms)[0m  [1m[34mSELECT  "rating_caches".* FROM "rating_caches" WHERE "rating_caches"."cacheable_id" = $1 AND "rating_caches"."cacheable_type" = $2 AND "rating_caches"."dimension" = $3 LIMIT $4[0m  [["cacheable_id", 5], ["cacheable_type", "Movie"], ["dimension", "quality"], ["LIMIT", 1]]
  Rendered likes/_form.html.erb (0.1ms)
  [1m[36mRatingCache Load (0.4ms)[0m  [1m[34mSELECT  "rating_caches".* FROM "rating_caches" WHERE "rating_caches"."cacheable_id" = $1 AND "rating_caches"."cacheable_type" = $2 AND "rating_caches"."dimension" = $3 LIMIT $4[0m  [["cacheable_id", 6], ["cacheable_type", "Movie"], ["dimension", "quality"], ["LIMIT", 1]]
  Rendered likes/_form.html.erb (0.1ms)
  [1m[36mRatingCache Load (0.5ms)[0m  [1m[34mSELECT  "rating_caches".* FROM "rating_caches" WHERE "rating_caches"."cacheable_id" = $1 AND "rating_caches"."cacheable_type" = $2 AND "rating_caches"."dimension" = $3 LIMIT $4[0m  [["cacheable_id", 7], ["cacheable_type", "Movie"], ["dimension", "quality"], ["LIMIT", 1]]
  Rendered likes/_form.html.erb (0.1ms)
  [1m[36mRatingCache Load (0.3ms)[0m  [1m[34mSELECT  "rating_caches".* FROM "rating_caches" WHERE "rating_caches"."cacheable_id" = $1 AND "rating_caches"."cacheable_type" = $2 AND "rating_caches"."dimension" = $3 LIMIT $4[0m  [["cacheable_id", 8], ["cacheable_type", "Movie"], ["dimension", "quality"], ["LIMIT", 1]]
  Rendered likes/_form.html.erb (0.1ms)
  Rendered movies/index.html.erb within layouts/application (264.5ms)
  Rendered partials/_normal_navbar.html.erb (0.4ms)
  Rendered partials/_navbar.html.erb (1.3ms)
  Rendered partials/_alerts.html.erb (0.6ms)
Completed 200 OK in 48105ms (Views: 47979.3ms | ActiveRecord: 114.1ms)


Started GET "/fonts/material-design-icons/MaterialIcons-Regular.ttf" for 127.0.0.1 at 2018-07-02 00:07:54 +0530
  
ActionController::RoutingError (No route matches [GET] "/fonts/material-design-icons/MaterialIcons-Regular.ttf"):
  
actionpack (5.0.6) lib/action_dispatch/middleware/debug_exceptions.rb:53:in `call'
web-console (3.5.1) lib/web_console/middleware.rb:135:in `call_app'
web-console (3.5.1) lib/web_console/middleware.rb:28:in `block in call'
web-console (3.5.1) lib/web_console/middleware.rb:18:in `catch'
web-console (3.5.1) lib/web_console/middleware.rb:18:in `call'
actionpack (5.0.6) lib/action_dispatch/middleware/show_exceptions.rb:31:in `call'
railties (5.0.6) lib/rails/rack/logger.rb:36:in `call_app'
railties (5.0.6) lib/rails/rack/logger.rb:24:in `block in call'
activesupport (5.0.6) lib/active_support/tagged_logging.rb:69:in `block in tagged'
activesupport (5.0.6) lib/active_support/tagged_logging.rb:26:in `tagged'
activesupport (5.0.6) lib/active_support/tagged_logging.rb:69:in `tagged'
railties (5.0.6) lib/rails/rack/logger.rb:24:in `call'
sprockets-rails (3.2.1) lib/sprockets/rails/quiet_assets.rb:13:in `call'
actionpack (5.0.6) lib/action_dispatch/middleware/request_id.rb:24:in `call'
rack (2.0.3) lib/rack/method_override.rb:22:in `call'
rack (2.0.3) lib/rack/runtime.rb:22:in `call'
activesupport (5.0.6) lib/active_support/cache/strategy/local_cache_middleware.rb:28:in `call'
actionpack (5.0.6) lib/action_dispatch/middleware/executor.rb:12:in `call'
actionpack (5.0.6) lib/action_dispatch/middleware/static.rb:136:in `call'
rack (2.0.3) lib/rack/sendfile.rb:111:in `call'
railties (5.0.6) lib/rails/engine.rb:522:in `call'
puma (3.10.0) lib/puma/configuration.rb:225:in `call'
puma (3.10.0) lib/puma/server.rb:605:in `handle_request'
puma (3.10.0) lib/puma/server.rb:437:in `process_client'
puma (3.10.0) lib/puma/server.rb:301:in `block in run'
puma (3.10.0) lib/puma/thread_pool.rb:120:in `block in spawn_thread'
  Rendering /var/lib/gems/2.3.0/gems/actionpack-5.0.6/lib/action_dispatch/middleware/templates/rescues/routing_error.html.erb within rescues/layout
  Rendering /var/lib/gems/2.3.0/gems/actionpack-5.0.6/lib/action_dispatch/middleware/templates/rescues/_trace.html.erb
  Rendered /var/lib/gems/2.3.0/gems/actionpack-5.0.6/lib/action_dispatch/middleware/templates/rescues/_trace.html.erb (1.2ms)
  Rendered collection of /var/lib/gems/2.3.0/gems/actionpack-5.0.6/lib/action_dispatch/middleware/templates/routes/_route.html.erb [144 times] (70.8ms)
  Rendered collection of /var/lib/gems/2.3.0/gems/actionpack-5.0.6/lib/action_dispatch/middleware/templates/routes/_route.html.erb [73 times] (14.1ms)
  Rendered /var/lib/gems/2.3.0/gems/actionpack-5.0.6/lib/action_dispatch/middleware/templates/routes/_table.html.erb (9.8ms)
  Rendering /var/lib/gems/2.3.0/gems/actionpack-5.0.6/lib/action_dispatch/middleware/templates/rescues/_request_and_response.html.erb
  Rendered /var/lib/gems/2.3.0/gems/actionpack-5.0.6/lib/action_dispatch/middleware/templates/rescues/_request_and_response.html.erb (1.1ms)
  Rendered /var/lib/gems/2.3.0/gems/actionpack-5.0.6/lib/action_dispatch/middleware/templates/rescues/routing_error.html.erb within rescues/layout (143.6ms)
Started GET "/fonts/material-design-icons/MaterialIcons-Regular.woff2" for 127.0.0.1 at 2018-07-02 00:07:54 +0530
  
ActionController::RoutingError (No route matches [GET] "/fonts/material-design-icons/MaterialIcons-Regular.woff2"):
  
actionpack (5.0.6) lib/action_dispatch/middleware/debug_exceptions.rb:53:in `call'
web-console (3.5.1) lib/web_console/middleware.rb:135:in `call_app'
web-console (3.5.1) lib/web_console/middleware.rb:28:in `block in call'
web-console (3.5.1) lib/web_console/middleware.rb:18:in `catch'
web-console (3.5.1) lib/web_console/middleware.rb:18:in `call'
actionpack (5.0.6) lib/action_dispatch/middleware/show_exceptions.rb:31:in `call'
railties (5.0.6) lib/rails/rack/logger.rb:36:in `call_app'
railties (5.0.6) lib/rails/rack/logger.rb:24:in `block in call'
activesupport (5.0.6) lib/active_support/tagged_logging.rb:69:in `block in tagged'
activesupport (5.0.6) lib/active_support/tagged_logging.rb:26:in `tagged'
activesupport (5.0.6) lib/active_support/tagged_logging.rb:69:in `tagged'
railties (5.0.6) lib/rails/rack/logger.rb:24:in `call'
sprockets-rails (3.2.1) lib/sprockets/rails/quiet_assets.rb:13:in `call'
actionpack (5.0.6) lib/action_dispatch/middleware/request_id.rb:24:in `call'
rack (2.0.3) lib/rack/method_override.rb:22:in `call'
rack (2.0.3) lib/rack/runtime.rb:22:in `call'
activesupport (5.0.6) lib/active_support/cache/strategy/local_cache_middleware.rb:28:in `call'
actionpack (5.0.6) lib/action_dispatch/middleware/executor.rb:12:in `call'
actionpack (5.0.6) lib/action_dispatch/middleware/static.rb:136:in `call'
rack (2.0.3) lib/rack/sendfile.rb:111:in `call'
railties (5.0.6) lib/rails/engine.rb:522:in `call'
puma (3.10.0) lib/puma/configuration.rb:225:in `call'
puma (3.10.0) lib/puma/server.rb:605:in `handle_request'
puma (3.10.0) lib/puma/server.rb:437:in `process_client'
puma (3.10.0) lib/puma/server.rb:301:in `block in run'
puma (3.10.0) lib/puma/thread_pool.rb:120:in `block in spawn_thread'
  Rendering /var/lib/gems/2.3.0/gems/actionpack-5.0.6/lib/action_dispatch/middleware/templates/rescues/routing_error.html.erb within rescues/layout
  Rendering /var/lib/gems/2.3.0/gems/actionpack-5.0.6/lib/action_dispatch/middleware/templates/rescues/_trace.html.erb
  Rendered /var/lib/gems/2.3.0/gems/actionpack-5.0.6/lib/action_dispatch/middleware/templates/rescues/_trace.html.erb (1.0ms)
  Rendered collection of /var/lib/gems/2.3.0/gems/actionpack-5.0.6/lib/action_dispatch/middleware/templates/routes/_route.html.erb [144 times] (26.1ms)
  Rendered collection of /var/lib/gems/2.3.0/gems/actionpack-5.0.6/lib/action_dispatch/middleware/templates/routes/_route.html.erb [73 times] (11.4ms)
  Rendered /var/lib/gems/2.3.0/gems/actionpack-5.0.6/lib/action_dispatch/middleware/templates/routes/_table.html.erb (0.8ms)
  Rendering /var/lib/gems/2.3.0/gems/actionpack-5.0.6/lib/action_dispatch/middleware/templates/rescues/_request_and_response.html.erb
  Rendered /var/lib/gems/2.3.0/gems/actionpack-5.0.6/lib/action_dispatch/middleware/templates/rescues/_request_and_response.html.erb (0.8ms)
  Rendered /var/lib/gems/2.3.0/gems/actionpack-5.0.6/lib/action_dispatch/middleware/templates/rescues/routing_error.html.erb within rescues/layout (76.4ms)
Started GET "/fonts/material-design-icons/MaterialIcons-Regular.woff" for 127.0.0.1 at 2018-07-02 00:07:54 +0530
  
ActionController::RoutingError (No route matches [GET] "/fonts/material-design-icons/MaterialIcons-Regular.woff"):
  
actionpack (5.0.6) lib/action_dispatch/middleware/debug_exceptions.rb:53:in `call'
web-console (3.5.1) lib/web_console/middleware.rb:135:in `call_app'
web-console (3.5.1) lib/web_console/middleware.rb:28:in `block in call'
web-console (3.5.1) lib/web_console/middleware.rb:18:in `catch'
web-console (3.5.1) lib/web_console/middleware.rb:18:in `call'
actionpack (5.0.6) lib/action_dispatch/middleware/show_exceptions.rb:31:in `call'
railties (5.0.6) lib/rails/rack/logger.rb:36:in `call_app'
railties (5.0.6) lib/rails/rack/logger.rb:24:in `block in call'
activesupport (5.0.6) lib/active_support/tagged_logging.rb:69:in `block in tagged'
activesupport (5.0.6) lib/active_support/tagged_logging.rb:26:in `tagged'
activesupport (5.0.6) lib/active_support/tagged_logging.rb:69:in `tagged'
railties (5.0.6) lib/rails/rack/logger.rb:24:in `call'
sprockets-rails (3.2.1) lib/sprockets/rails/quiet_assets.rb:13:in `call'
actionpack (5.0.6) lib/action_dispatch/middleware/request_id.rb:24:in `call'
rack (2.0.3) lib/rack/method_override.rb:22:in `call'
rack (2.0.3) lib/rack/runtime.rb:22:in `call'
activesupport (5.0.6) lib/active_support/cache/strategy/local_cache_middleware.rb:28:in `call'
actionpack (5.0.6) lib/action_dispatch/middleware/executor.rb:12:in `call'
actionpack (5.0.6) lib/action_dispatch/middleware/static.rb:136:in `call'
rack (2.0.3) lib/rack/sendfile.rb:111:in `call'
railties (5.0.6) lib/rails/engine.rb:522:in `call'
puma (3.10.0) lib/puma/configuration.rb:225:in `call'
puma (3.10.0) lib/puma/server.rb:605:in `handle_request'
puma (3.10.0) lib/puma/server.rb:437:in `process_client'
puma (3.10.0) lib/puma/server.rb:301:in `block in run'
puma (3.10.0) lib/puma/thread_pool.rb:120:in `block in spawn_thread'
  Rendering /var/lib/gems/2.3.0/gems/actionpack-5.0.6/lib/action_dispatch/middleware/templates/rescues/routing_error.html.erb within rescues/layout
  Rendering /var/lib/gems/2.3.0/gems/actionpack-5.0.6/lib/action_dispatch/middleware/templates/rescues/_trace.html.erb
  Rendered /var/lib/gems/2.3.0/gems/actionpack-5.0.6/lib/action_dispatch/middleware/templates/rescues/_trace.html.erb (1.0ms)
  Rendered collection of /var/lib/gems/2.3.0/gems/actionpack-5.0.6/lib/action_dispatch/middleware/templates/routes/_route.html.erb [144 times] (23.9ms)
  Rendered collection of /var/lib/gems/2.3.0/gems/actionpack-5.0.6/lib/action_dispatch/middleware/templates/routes/_route.html.erb [73 times] (12.8ms)
  Rendered /var/lib/gems/2.3.0/gems/actionpack-5.0.6/lib/action_dispatch/middleware/templates/routes/_table.html.erb (1.1ms)
  Rendering /var/lib/gems/2.3.0/gems/actionpack-5.0.6/lib/action_dispatch/middleware/templates/rescues/_request_and_response.html.erb
  Rendered /var/lib/gems/2.3.0/gems/actionpack-5.0.6/lib/action_dispatch/middleware/templates/rescues/_request_and_response.html.erb (1.2ms)
  Rendered /var/lib/gems/2.3.0/gems/actionpack-5.0.6/lib/action_dispatch/middleware/templates/rescues/routing_error.html.erb within rescues/layout (65.2ms)
Started GET "/admin" for 127.0.0.1 at 2018-07-02 00:14:24 +0530
Processing by Admin::DashboardController#index as HTML
Completed 401 Unauthorized in 1ms (ActiveRecord: 0.0ms)


Started GET "/admin/login" for 127.0.0.1 at 2018-07-02 00:14:24 +0530
Processing by ActiveAdmin::Devise::SessionsController#new as HTML
  Rendering /var/lib/gems/2.3.0/bundler/gems/activeadmin-3f9f081e512b/app/views/active_admin/devise/sessions/new.html.erb within layouts/active_admin_logged_out
  Rendered /var/lib/gems/2.3.0/bundler/gems/activeadmin-3f9f081e512b/app/views/active_admin/devise/shared/_links.erb (0.8ms)
  Rendered /var/lib/gems/2.3.0/bundler/gems/activeadmin-3f9f081e512b/app/views/active_admin/devise/sessions/new.html.erb within layouts/active_admin_logged_out (60.7ms)
Completed 200 OK in 333ms (Views: 297.3ms | ActiveRecord: 5.7ms)


Started POST "/admin/login" for 127.0.0.1 at 2018-07-02 00:14:32 +0530
Processing by ActiveAdmin::Devise::SessionsController#create as HTML
  Parameters: {"utf8"=>"✓", "authenticity_token"=>"Ou21JNPz/eEc5MgMKP2eujcW6tNE6tsbIqfRxwxMYXPsg31xSwMXAIkMjTHzrZPVwb5vDEbXvhiZ3ChfFWv/aQ==", "admin_user"=>{"email"=>"admin@mp.com", "password"=>"[FILTERED]", "remember_me"=>"0"}, "commit"=>"Login"}
  [1m[36mAdminUser Load (11.7ms)[0m  [1m[34mSELECT  "admin_users".* FROM "admin_users" WHERE "admin_users"."email" = $1 ORDER BY "admin_users"."id" ASC LIMIT $2[0m  [["email", "admin@mp.com"], ["LIMIT", 1]]
  [1m[35m (0.2ms)[0m  [1m[35mBEGIN[0m
  [1m[35mSQL (0.5ms)[0m  [1m[33mUPDATE "admin_users" SET "current_sign_in_at" = $1, "last_sign_in_at" = $2, "current_sign_in_ip" = $3, "sign_in_count" = $4, "updated_at" = $5 WHERE "admin_users"."id" = $6[0m  [["current_sign_in_at", "2018-07-01 18:44:32.529084"], ["last_sign_in_at", "2018-07-01 10:20:26.439542"], ["current_sign_in_ip", "127.0.0.1/32"], ["sign_in_count", 4], ["updated_at", "2018-07-01 18:44:32.530382"], ["id", 1]]
  [1m[35m (21.3ms)[0m  [1m[35mCOMMIT[0m
Redirected to http://localhost:3000/admin
Completed 302 Found in 191ms (ActiveRecord: 33.6ms)


Started GET "/admin" for 127.0.0.1 at 2018-07-02 00:14:32 +0530
Processing by Admin::DashboardController#index as HTML
  [1m[36mAdminUser Load (0.7ms)[0m  [1m[34mSELECT  "admin_users".* FROM "admin_users" WHERE "admin_users"."id" = $1 ORDER BY "admin_users"."id" ASC LIMIT $2[0m  [["id", 1], ["LIMIT", 1]]
  Rendering /var/lib/gems/2.3.0/bundler/gems/activeadmin-3f9f081e512b/app/views/active_admin/page/index.html.arb
  Rendered /var/lib/gems/2.3.0/bundler/gems/activeadmin-3f9f081e512b/app/views/active_admin/page/index.html.arb (71.4ms)
Completed 200 OK in 126ms (Views: 112.5ms | ActiveRecord: 0.7ms)


Started GET "/admin/technicians" for 127.0.0.1 at 2018-07-02 00:14:34 +0530
Processing by Admin::TechniciansController#index as HTML
  [1m[36mAdminUser Load (0.9ms)[0m  [1m[34mSELECT  "admin_users".* FROM "admin_users" WHERE "admin_users"."id" = $1 ORDER BY "admin_users"."id" ASC LIMIT $2[0m  [["id", 1], ["LIMIT", 1]]
  Rendering /var/lib/gems/2.3.0/bundler/gems/activeadmin-3f9f081e512b/app/views/active_admin/resource/index.html.arb
  [1m[35m (21.0ms)[0m  [1m[34mSELECT COUNT(count_column) FROM (SELECT  1 AS count_column FROM "technicians" LIMIT $1 OFFSET $2) subquery_for_count[0m  [["LIMIT", 30], ["OFFSET", 0]]
  [1m[36mCACHE (0.0ms)[0m  [1m[34mSELECT COUNT(count_column) FROM (SELECT  1 AS count_column FROM "technicians" LIMIT $1 OFFSET $2) subquery_for_count[0m  [["LIMIT", 30], ["OFFSET", 0]]
  [1m[35m (0.3ms)[0m  [1m[34mSELECT COUNT(*) FROM "technicians"[0m
  [1m[36mCACHE (0.0ms)[0m  [1m[34mSELECT COUNT(count_column) FROM (SELECT  1 AS count_column FROM "technicians" LIMIT $1 OFFSET $2) subquery_for_count[0m  [["LIMIT", 30], ["OFFSET", 0]]
  [1m[36mTechnician Load (0.5ms)[0m  [1m[34mSELECT  "technicians".* FROM "technicians" ORDER BY "technicians"."id" desc LIMIT $1 OFFSET $2[0m  [["LIMIT", 30], ["OFFSET", 0]]
  [1m[36mReview Load (28.6ms)[0m  [1m[34mSELECT "reviews".* FROM "reviews"[0m
  [1m[36mRole Load (13.7ms)[0m  [1m[34mSELECT "roles".* FROM "roles"[0m
  [1m[36mTechnicianRole Load (47.9ms)[0m  [1m[34mSELECT "technician_roles".* FROM "technician_roles"[0m
  [1m[36mMovieTechnician Load (2.4ms)[0m  [1m[34mSELECT "movie_technicians".* FROM "movie_technicians"[0m
  [1m[36mComment Load (38.1ms)[0m  [1m[34mSELECT "comments".* FROM "comments"[0m
  [1m[36mLike Load (13.4ms)[0m  [1m[34mSELECT "likes".* FROM "likes"[0m
  [1m[36mConversation Load (30.5ms)[0m  [1m[34mSELECT "conversations".* FROM "conversations"[0m
  [1m[36mMessage Load (24.2ms)[0m  [1m[34mSELECT "messages".* FROM "messages"[0m
  [1m[36mRate Load (24.2ms)[0m  [1m[34mSELECT "rates".* FROM "rates"[0m
  Rendered /var/lib/gems/2.3.0/bundler/gems/activeadmin-3f9f081e512b/app/views/active_admin/resource/index.html.arb (692.6ms)
Completed 200 OK in 703ms (Views: 421.6ms | ActiveRecord: 277.1ms)


Started GET "/admin/movies" for 127.0.0.1 at 2018-07-02 00:14:41 +0530
Processing by Admin::MoviesController#index as HTML
  [1m[36mAdminUser Load (1.3ms)[0m  [1m[34mSELECT  "admin_users".* FROM "admin_users" WHERE "admin_users"."id" = $1 ORDER BY "admin_users"."id" ASC LIMIT $2[0m  [["id", 1], ["LIMIT", 1]]
  Rendering /var/lib/gems/2.3.0/bundler/gems/activeadmin-3f9f081e512b/app/views/active_admin/resource/index.html.arb
  [1m[35m (0.7ms)[0m  [1m[34mSELECT COUNT(count_column) FROM (SELECT  1 AS count_column FROM "movies" LIMIT $1 OFFSET $2) subquery_for_count[0m  [["LIMIT", 30], ["OFFSET", 0]]
  [1m[36mCACHE (0.0ms)[0m  [1m[34mSELECT COUNT(count_column) FROM (SELECT  1 AS count_column FROM "movies" LIMIT $1 OFFSET $2) subquery_for_count[0m  [["LIMIT", 30], ["OFFSET", 0]]
  [1m[35m (0.2ms)[0m  [1m[34mSELECT COUNT(*) FROM "movies"[0m
  [1m[36mCACHE (0.0ms)[0m  [1m[34mSELECT COUNT(count_column) FROM (SELECT  1 AS count_column FROM "movies" LIMIT $1 OFFSET $2) subquery_for_count[0m  [["LIMIT", 30], ["OFFSET", 0]]
  [1m[36mMovie Load (0.4ms)[0m  [1m[34mSELECT  "movies".* FROM "movies" ORDER BY "movies"."id" desc LIMIT $1 OFFSET $2[0m  [["LIMIT", 30], ["OFFSET", 0]]
  [1m[36mTag Load (16.6ms)[0m  [1m[34mSELECT "tags".* FROM "tags"[0m
  [1m[36mMoviesTag Load (48.0ms)[0m  [1m[34mSELECT "movies_tags".* FROM "movies_tags"[0m
  [1m[36mReview Load (0.5ms)[0m  [1m[34mSELECT "reviews".* FROM "reviews"[0m
  [1m[36mCompany Load (8.5ms)[0m  [1m[34mSELECT "companies".* FROM "companies"[0m
  [1m[36mMoviesCompany Load (1.7ms)[0m  [1m[34mSELECT "movies_companies".* FROM "movies_companies"[0m
  [1m[36mTechnician Load (0.5ms)[0m  [1m[34mSELECT "technicians".* FROM "technicians"[0m
  [1m[36mMovieTechnician Load (0.5ms)[0m  [1m[34mSELECT "movie_technicians".* FROM "movie_technicians"[0m
  [1m[36mComment Load (0.4ms)[0m  [1m[34mSELECT "comments".* FROM "comments"[0m
  [1m[36mLike Load (0.3ms)[0m  [1m[34mSELECT "likes".* FROM "likes"[0m
  [1m[36mRate Load (0.5ms)[0m  [1m[34mSELECT "rates".* FROM "rates"[0m
  [1m[36mUser Load (35.0ms)[0m  [1m[34mSELECT "users".* FROM "users"[0m
  [1m[36mRatingCache Load (0.6ms)[0m  [1m[34mSELECT "rating_caches".* FROM "rating_caches"[0m
  [1m[36mCACHE (0.0ms)[0m  [1m[34mSELECT "rates".* FROM "rates"[0m
  [1m[36mCACHE (0.0ms)[0m  [1m[34mSELECT "users".* FROM "users"[0m
  [1m[36mCACHE (0.0ms)[0m  [1m[34mSELECT "rating_caches".* FROM "rating_caches"[0m
  [1m[36mCACHE (0.0ms)[0m  [1m[34mSELECT "rates".* FROM "rates"[0m
  [1m[36mCACHE (0.0ms)[0m  [1m[34mSELECT "users".* FROM "users"[0m
  [1m[36mCACHE (0.0ms)[0m  [1m[34mSELECT "rating_caches".* FROM "rating_caches"[0m
  [1m[36mCACHE (0.0ms)[0m  [1m[34mSELECT "rates".* FROM "rates"[0m
  [1m[36mCACHE (0.0ms)[0m  [1m[34mSELECT "users".* FROM "users"[0m
  [1m[36mCACHE (0.0ms)[0m  [1m[34mSELECT "rating_caches".* FROM "rating_caches"[0m
  [1m[36mCACHE (0.0ms)[0m  [1m[34mSELECT "rates".* FROM "rates"[0m
  [1m[36mCACHE (0.0ms)[0m  [1m[34mSELECT "users".* FROM "users"[0m
  [1m[36mCACHE (0.0ms)[0m  [1m[34mSELECT "rating_caches".* FROM "rating_caches"[0m
  [1m[36mCACHE (0.0ms)[0m  [1m[34mSELECT "rates".* FROM "rates"[0m
  [1m[36mCACHE (0.0ms)[0m  [1m[34mSELECT "users".* FROM "users"[0m
  [1m[36mCACHE (0.0ms)[0m  [1m[34mSELECT "rating_caches".* FROM "rating_caches"[0m
  Rendered /var/lib/gems/2.3.0/bundler/gems/activeadmin-3f9f081e512b/app/views/active_admin/resource/index.html.arb (452.5ms)
Completed 200 OK in 459ms (Views: 321.4ms | ActiveRecord: 134.8ms)


Started GET "/admin/movies/21" for 127.0.0.1 at 2018-07-02 00:14:43 +0530
Processing by Admin::MoviesController#show as HTML
  Parameters: {"id"=>"21"}
  [1m[36mAdminUser Load (0.7ms)[0m  [1m[34mSELECT  "admin_users".* FROM "admin_users" WHERE "admin_users"."id" = $1 ORDER BY "admin_users"."id" ASC LIMIT $2[0m  [["id", 1], ["LIMIT", 1]]
  [1m[36mMovie Load (0.4ms)[0m  [1m[34mSELECT  "movies".* FROM "movies" WHERE "movies"."id" = $1 LIMIT $2[0m  [["id", 21], ["LIMIT", 1]]
  Rendering /var/lib/gems/2.3.0/bundler/gems/activeadmin-3f9f081e512b/app/views/active_admin/resource/show.html.arb
  [1m[35m (1.6ms)[0m  [1m[34mSELECT COUNT(*) FROM "active_admin_comments" WHERE "active_admin_comments"."resource_type" = $1 AND "active_admin_comments"."resource_id" = 21 AND "active_admin_comments"."namespace" = $2[0m  [["resource_type", "Movie"], ["namespace", "admin"]]
  [1m[35m (0.5ms)[0m  [1m[34mSELECT COUNT(count_column) FROM (SELECT  1 AS count_column FROM "active_admin_comments" WHERE "active_admin_comments"."resource_type" = $1 AND "active_admin_comments"."resource_id" = 21 AND "active_admin_comments"."namespace" = $2 LIMIT $3 OFFSET $4) subquery_for_count[0m  [["resource_type", "Movie"], ["namespace", "admin"], ["LIMIT", 25], ["OFFSET", 0]]
  Rendered /var/lib/gems/2.3.0/bundler/gems/activeadmin-3f9f081e512b/app/views/active_admin/resource/show.html.arb (131.1ms)
Completed 200 OK in 176ms (Views: 133.3ms | ActiveRecord: 8.7ms)


Started GET "/admin/movies" for 127.0.0.1 at 2018-07-02 00:14:45 +0530
Processing by Admin::MoviesController#index as HTML
  [1m[36mAdminUser Load (0.4ms)[0m  [1m[34mSELECT  "admin_users".* FROM "admin_users" WHERE "admin_users"."id" = $1 ORDER BY "admin_users"."id" ASC LIMIT $2[0m  [["id", 1], ["LIMIT", 1]]
  Rendering /var/lib/gems/2.3.0/bundler/gems/activeadmin-3f9f081e512b/app/views/active_admin/resource/index.html.arb
  [1m[35m (0.6ms)[0m  [1m[34mSELECT COUNT(count_column) FROM (SELECT  1 AS count_column FROM "movies" LIMIT $1 OFFSET $2) subquery_for_count[0m  [["LIMIT", 30], ["OFFSET", 0]]
  [1m[36mCACHE (0.0ms)[0m  [1m[34mSELECT COUNT(count_column) FROM (SELECT  1 AS count_column FROM "movies" LIMIT $1 OFFSET $2) subquery_for_count[0m  [["LIMIT", 30], ["OFFSET", 0]]
  [1m[35m (0.2ms)[0m  [1m[34mSELECT COUNT(*) FROM "movies"[0m
  [1m[36mCACHE (0.0ms)[0m  [1m[34mSELECT COUNT(count_column) FROM (SELECT  1 AS count_column FROM "movies" LIMIT $1 OFFSET $2) subquery_for_count[0m  [["LIMIT", 30], ["OFFSET", 0]]
  [1m[36mMovie Load (0.4ms)[0m  [1m[34mSELECT  "movies".* FROM "movies" ORDER BY "movies"."id" desc LIMIT $1 OFFSET $2[0m  [["LIMIT", 30], ["OFFSET", 0]]
  [1m[36mTag Load (0.4ms)[0m  [1m[34mSELECT "tags".* FROM "tags"[0m
  [1m[36mMoviesTag Load (0.3ms)[0m  [1m[34mSELECT "movies_tags".* FROM "movies_tags"[0m
  [1m[36mReview Load (0.6ms)[0m  [1m[34mSELECT "reviews".* FROM "reviews"[0m
  [1m[36mCompany Load (0.5ms)[0m  [1m[34mSELECT "companies".* FROM "companies"[0m
  [1m[36mMoviesCompany Load (0.7ms)[0m  [1m[34mSELECT "movies_companies".* FROM "movies_companies"[0m
  [1m[36mTechnician Load (0.6ms)[0m  [1m[34mSELECT "technicians".* FROM "technicians"[0m
  [1m[36mMovieTechnician Load (0.4ms)[0m  [1m[34mSELECT "movie_technicians".* FROM "movie_technicians"[0m
  [1m[36mComment Load (0.3ms)[0m  [1m[34mSELECT "comments".* FROM "comments"[0m
  [1m[36mLike Load (0.2ms)[0m  [1m[34mSELECT "likes".* FROM "likes"[0m
  [1m[36mRate Load (0.4ms)[0m  [1m[34mSELECT "rates".* FROM "rates"[0m
  [1m[36mUser Load (0.6ms)[0m  [1m[34mSELECT "users".* FROM "users"[0m
  [1m[36mRatingCache Load (0.7ms)[0m  [1m[34mSELECT "rating_caches".* FROM "rating_caches"[0m
  [1m[36mCACHE (0.0ms)[0m  [1m[34mSELECT "rates".* FROM "rates"[0m
  [1m[36mCACHE (0.0ms)[0m  [1m[34mSELECT "users".* FROM "users"[0m
  [1m[36mCACHE (0.0ms)[0m  [1m[34mSELECT "rating_caches".* FROM "rating_caches"[0m
  [1m[36mCACHE (0.0ms)[0m  [1m[34mSELECT "rates".* FROM "rates"[0m
  [1m[36mCACHE (0.0ms)[0m  [1m[34mSELECT "users".* FROM "users"[0m
  [1m[36mCACHE (0.0ms)[0m  [1m[34mSELECT "rating_caches".* FROM "rating_caches"[0m
  [1m[36mCACHE (0.0ms)[0m  [1m[34mSELECT "rates".* FROM "rates"[0m
  [1m[36mCACHE (0.0ms)[0m  [1m[34mSELECT "users".* FROM "users"[0m
  [1m[36mCACHE (0.0ms)[0m  [1m[34mSELECT "rating_caches".* FROM "rating_caches"[0m
  [1m[36mCACHE (0.0ms)[0m  [1m[34mSELECT "rates".* FROM "rates"[0m
  [1m[36mCACHE (0.0ms)[0m  [1m[34mSELECT "users".* FROM "users"[0m
  [1m[36mCACHE (0.0ms)[0m  [1m[34mSELECT "rating_caches".* FROM "rating_caches"[0m
  [1m[36mCACHE (0.0ms)[0m  [1m[34mSELECT "rates".* FROM "rates"[0m
  [1m[36mCACHE (0.0ms)[0m  [1m[34mSELECT "users".* FROM "users"[0m
  [1m[36mCACHE (0.0ms)[0m  [1m[34mSELECT "rating_caches".* FROM "rating_caches"[0m
  Rendered /var/lib/gems/2.3.0/bundler/gems/activeadmin-3f9f081e512b/app/views/active_admin/resource/index.html.arb (186.6ms)
Completed 200 OK in 192ms (Views: 182.5ms | ActiveRecord: 7.3ms)


Started DELETE "/admin/movies/21" for 127.0.0.1 at 2018-07-02 00:14:49 +0530
Processing by Admin::MoviesController#destroy as HTML
  Parameters: {"authenticity_token"=>"EzFxhEsIad5g95SPAS56641otFGndpbZkq345V1zakJsLJvDpqk0SaPS0XmZ0OfKpjPyj/PC05zSxAG6x5DOfQ==", "id"=>"21"}
  [1m[36mAdminUser Load (0.6ms)[0m  [1m[34mSELECT  "admin_users".* FROM "admin_users" WHERE "admin_users"."id" = $1 ORDER BY "admin_users"."id" ASC LIMIT $2[0m  [["id", 1], ["LIMIT", 1]]
  [1m[36mMovie Load (0.4ms)[0m  [1m[34mSELECT  "movies".* FROM "movies" WHERE "movies"."id" = $1 LIMIT $2[0m  [["id", 21], ["LIMIT", 1]]
  [1m[35m (0.1ms)[0m  [1m[35mBEGIN[0m
  [1m[36mTag Load (0.6ms)[0m  [1m[34mSELECT "tags".* FROM "tags" INNER JOIN "movies_tags" ON "tags"."id" = "movies_tags"."tag_id" WHERE "movies_tags"."movie_id" = $1[0m  [["movie_id", 21]]
  [1m[36mMoviesTag Load (0.3ms)[0m  [1m[34mSELECT "movies_tags".* FROM "movies_tags" WHERE "movies_tags"."movie_id" = $1 AND "movies_tags"."tag_id" IN (28, 14, 878)[0m  [["movie_id", 21]]
  [1m[35mSQL (0.2ms)[0m  [1m[31mDELETE FROM "movies_tags" WHERE "movies_tags"."id" = $1[0m  [["id", 72]]
  [1m[35mSQL (0.2ms)[0m  [1m[31mDELETE FROM "movies_tags" WHERE "movies_tags"."id" = $1[0m  [["id", 73]]
  [1m[35mSQL (0.2ms)[0m  [1m[31mDELETE FROM "movies_tags" WHERE "movies_tags"."id" = $1[0m  [["id", 74]]
  [1m[36mMoviesTag Load (0.2ms)[0m  [1m[34mSELECT "movies_tags".* FROM "movies_tags" WHERE "movies_tags"."movie_id" = $1[0m  [["movie_id", 21]]
  [1m[36mReview Load (0.3ms)[0m  [1m[34mSELECT "reviews".* FROM "reviews" WHERE "reviews"."movie_id" = $1[0m  [["movie_id", 21]]
  [1m[36mCompany Load (0.6ms)[0m  [1m[34mSELECT "companies".* FROM "companies" INNER JOIN "movies_companies" ON "companies"."id" = "movies_companies"."company_id" WHERE "movies_companies"."movie_id" = $1[0m  [["movie_id", 21]]
  [1m[36mMoviesCompany Load (0.3ms)[0m  [1m[34mSELECT "movies_companies".* FROM "movies_companies" WHERE "movies_companies"."movie_id" = $1 AND "movies_companies"."company_id" = 33[0m  [["movie_id", 21]]
  [1m[35mSQL (0.2ms)[0m  [1m[31mDELETE FROM "movies_companies" WHERE "movies_companies"."id" = $1[0m  [["id", 63]]
  [1m[36mMoviesCompany Load (0.2ms)[0m  [1m[34mSELECT "movies_companies".* FROM "movies_companies" WHERE "movies_companies"."movie_id" = $1[0m  [["movie_id", 21]]
  [1m[36mTechnician Load (0.4ms)[0m  [1m[34mSELECT "technicians".* FROM "technicians" INNER JOIN "movie_technicians" ON "technicians"."id" = "movie_technicians"."technician_id" WHERE "movie_technicians"."movie_id" = $1[0m  [["movie_id", 21]]
  [1m[36mMovieTechnician Load (0.2ms)[0m  [1m[34mSELECT "movie_technicians".* FROM "movie_technicians" WHERE "movie_technicians"."movie_id" = $1[0m  [["movie_id", 21]]
  [1m[36mComment Load (0.2ms)[0m  [1m[34mSELECT "comments".* FROM "comments" WHERE "comments"."commentable_id" = $1 AND "comments"."commentable_type" = $2[0m  [["commentable_id", 21], ["commentable_type", "Movie"]]
  [1m[36mLike Load (0.2ms)[0m  [1m[34mSELECT "likes".* FROM "likes" WHERE "likes"."likeable_id" = $1 AND "likes"."likeable_type" = $2[0m  [["likeable_id", 21], ["likeable_type", "Movie"]]
  [1m[36mRate Load (0.3ms)[0m  [1m[34mSELECT "rates".* FROM "rates" WHERE "rates"."rateable_id" = $1 AND "rates"."rateable_type" = $2 AND "rates"."dimension" IS NULL[0m  [["rateable_id", 21], ["rateable_type", "Movie"]]
  [1m[36mRatingCache Load (0.4ms)[0m  [1m[34mSELECT  "rating_caches".* FROM "rating_caches" WHERE "rating_caches"."cacheable_id" = $1 AND "rating_caches"."cacheable_type" = $2 AND "rating_caches"."dimension" IS NULL LIMIT $3[0m  [["cacheable_id", 21], ["cacheable_type", "Movie"], ["LIMIT", 1]]
  [1m[36mRate Load (0.2ms)[0m  [1m[34mSELECT "rates".* FROM "rates" WHERE "rates"."rateable_id" = $1 AND "rates"."rateable_type" = $2 AND "rates"."dimension" = $3[0m  [["rateable_id", 21], ["rateable_type", "Movie"], ["dimension", "quality"]]
  [1m[36mRatingCache Load (0.2ms)[0m  [1m[34mSELECT  "rating_caches".* FROM "rating_caches" WHERE "rating_caches"."cacheable_id" = $1 AND "rating_caches"."cacheable_type" = $2 AND "rating_caches"."dimension" = $3 LIMIT $4[0m  [["cacheable_id", 21], ["cacheable_type", "Movie"], ["dimension", "quality"], ["LIMIT", 1]]
  [1m[36mRate Load (0.2ms)[0m  [1m[34mSELECT "rates".* FROM "rates" WHERE "rates"."rateable_id" = $1 AND "rates"."rateable_type" = $2 AND "rates"."dimension" = $3[0m  [["rateable_id", 21], ["rateable_type", "Movie"], ["dimension", "direction"]]
  [1m[36mRatingCache Load (0.2ms)[0m  [1m[34mSELECT  "rating_caches".* FROM "rating_caches" WHERE "rating_caches"."cacheable_id" = $1 AND "rating_caches"."cacheable_type" = $2 AND "rating_caches"."dimension" = $3 LIMIT $4[0m  [["cacheable_id", 21], ["cacheable_type", "Movie"], ["dimension", "direction"], ["LIMIT", 1]]
  [1m[36mRate Load (0.3ms)[0m  [1m[34mSELECT "rates".* FROM "rates" WHERE "rates"."rateable_id" = $1 AND "rates"."rateable_type" = $2 AND "rates"."dimension" = $3[0m  [["rateable_id", 21], ["rateable_type", "Movie"], ["dimension", "story"]]
  [1m[36mRatingCache Load (0.3ms)[0m  [1m[34mSELECT  "rating_caches".* FROM "rating_caches" WHERE "rating_caches"."cacheable_id" = $1 AND "rating_caches"."cacheable_type" = $2 AND "rating_caches"."dimension" = $3 LIMIT $4[0m  [["cacheable_id", 21], ["cacheable_type", "Movie"], ["dimension", "story"], ["LIMIT", 1]]
  [1m[36mRate Load (0.3ms)[0m  [1m[34mSELECT "rates".* FROM "rates" WHERE "rates"."rateable_id" = $1 AND "rates"."rateable_type" = $2 AND "rates"."dimension" = $3[0m  [["rateable_id", 21], ["rateable_type", "Movie"], ["dimension", "script"]]
  [1m[36mRatingCache Load (0.3ms)[0m  [1m[34mSELECT  "rating_caches".* FROM "rating_caches" WHERE "rating_caches"."cacheable_id" = $1 AND "rating_caches"."cacheable_type" = $2 AND "rating_caches"."dimension" = $3 LIMIT $4[0m  [["cacheable_id", 21], ["cacheable_type", "Movie"], ["dimension", "script"], ["LIMIT", 1]]
  [1m[36mRate Load (0.4ms)[0m  [1m[34mSELECT "rates".* FROM "rates" WHERE "rates"."rateable_id" = $1 AND "rates"."rateable_type" = $2 AND "rates"."dimension" = $3[0m  [["rateable_id", 21], ["rateable_type", "Movie"], ["dimension", "camera"]]
  [1m[36mRatingCache Load (0.4ms)[0m  [1m[34mSELECT  "rating_caches".* FROM "rating_caches" WHERE "rating_caches"."cacheable_id" = $1 AND "rating_caches"."cacheable_type" = $2 AND "rating_caches"."dimension" = $3 LIMIT $4[0m  [["cacheable_id", 21], ["cacheable_type", "Movie"], ["dimension", "camera"], ["LIMIT", 1]]
  [1m[35mSQL (15.0ms)[0m  [1m[31mDELETE FROM "movies" WHERE "movies"."id" = $1[0m  [["id", 21]]
  [1m[35m (29.1ms)[0m  [1m[35mCOMMIT[0m
Redirected to http://localhost:3000/admin/movies
Completed 302 Found in 137ms (ActiveRecord: 53.1ms)


Started GET "/admin/movies" for 127.0.0.1 at 2018-07-02 00:14:49 +0530
Processing by Admin::MoviesController#index as HTML
  [1m[36mAdminUser Load (0.6ms)[0m  [1m[34mSELECT  "admin_users".* FROM "admin_users" WHERE "admin_users"."id" = $1 ORDER BY "admin_users"."id" ASC LIMIT $2[0m  [["id", 1], ["LIMIT", 1]]
  Rendering /var/lib/gems/2.3.0/bundler/gems/activeadmin-3f9f081e512b/app/views/active_admin/resource/index.html.arb
  [1m[35m (0.5ms)[0m  [1m[34mSELECT COUNT(count_column) FROM (SELECT  1 AS count_column FROM "movies" LIMIT $1 OFFSET $2) subquery_for_count[0m  [["LIMIT", 30], ["OFFSET", 0]]
  [1m[36mCACHE (0.0ms)[0m  [1m[34mSELECT COUNT(count_column) FROM (SELECT  1 AS count_column FROM "movies" LIMIT $1 OFFSET $2) subquery_for_count[0m  [["LIMIT", 30], ["OFFSET", 0]]
  [1m[35m (0.2ms)[0m  [1m[34mSELECT COUNT(*) FROM "movies"[0m
  [1m[36mCACHE (0.0ms)[0m  [1m[34mSELECT COUNT(count_column) FROM (SELECT  1 AS count_column FROM "movies" LIMIT $1 OFFSET $2) subquery_for_count[0m  [["LIMIT", 30], ["OFFSET", 0]]
  [1m[36mMovie Load (0.7ms)[0m  [1m[34mSELECT  "movies".* FROM "movies" ORDER BY "movies"."id" desc LIMIT $1 OFFSET $2[0m  [["LIMIT", 30], ["OFFSET", 0]]
  [1m[36mTag Load (0.5ms)[0m  [1m[34mSELECT "tags".* FROM "tags"[0m
  [1m[36mMoviesTag Load (0.6ms)[0m  [1m[34mSELECT "movies_tags".* FROM "movies_tags"[0m
  [1m[36mReview Load (0.5ms)[0m  [1m[34mSELECT "reviews".* FROM "reviews"[0m
  [1m[36mCompany Load (0.3ms)[0m  [1m[34mSELECT "companies".* FROM "companies"[0m
  [1m[36mMoviesCompany Load (0.7ms)[0m  [1m[34mSELECT "movies_companies".* FROM "movies_companies"[0m
  [1m[36mTechnician Load (0.6ms)[0m  [1m[34mSELECT "technicians".* FROM "technicians"[0m
  [1m[36mMovieTechnician Load (0.5ms)[0m  [1m[34mSELECT "movie_technicians".* FROM "movie_technicians"[0m
  [1m[36mComment Load (0.5ms)[0m  [1m[34mSELECT "comments".* FROM "comments"[0m
  [1m[36mLike Load (0.3ms)[0m  [1m[34mSELECT "likes".* FROM "likes"[0m
  [1m[36mRate Load (0.4ms)[0m  [1m[34mSELECT "rates".* FROM "rates"[0m
  [1m[36mUser Load (0.5ms)[0m  [1m[34mSELECT "users".* FROM "users"[0m
  [1m[36mRatingCache Load (0.2ms)[0m  [1m[34mSELECT "rating_caches".* FROM "rating_caches"[0m
  [1m[36mCACHE (0.0ms)[0m  [1m[34mSELECT "rates".* FROM "rates"[0m
  [1m[36mCACHE (0.0ms)[0m  [1m[34mSELECT "users".* FROM "users"[0m
  [1m[36mCACHE (0.0ms)[0m  [1m[34mSELECT "rating_caches".* FROM "rating_caches"[0m
  [1m[36mCACHE (0.0ms)[0m  [1m[34mSELECT "rates".* FROM "rates"[0m
  [1m[36mCACHE (0.0ms)[0m  [1m[34mSELECT "users".* FROM "users"[0m
  [1m[36mCACHE (0.0ms)[0m  [1m[34mSELECT "rating_caches".* FROM "rating_caches"[0m
  [1m[36mCACHE (0.0ms)[0m  [1m[34mSELECT "rates".* FROM "rates"[0m
  [1m[36mCACHE (0.0ms)[0m  [1m[34mSELECT "users".* FROM "users"[0m
  [1m[36mCACHE (0.0ms)[0m  [1m[34mSELECT "rating_caches".* FROM "rating_caches"[0m
  [1m[36mCACHE (0.0ms)[0m  [1m[34mSELECT "rates".* FROM "rates"[0m
  [1m[36mCACHE (0.0ms)[0m  [1m[34mSELECT "users".* FROM "users"[0m
  [1m[36mCACHE (0.0ms)[0m  [1m[34mSELECT "rating_caches".* FROM "rating_caches"[0m
  [1m[36mCACHE (0.0ms)[0m  [1m[34mSELECT "rates".* FROM "rates"[0m
  [1m[36mCACHE (0.0ms)[0m  [1m[34mSELECT "users".* FROM "users"[0m
  [1m[36mCACHE (0.0ms)[0m  [1m[34mSELECT "rating_caches".* FROM "rating_caches"[0m
  Rendered /var/lib/gems/2.3.0/bundler/gems/activeadmin-3f9f081e512b/app/views/active_admin/resource/index.html.arb (210.0ms)
Completed 200 OK in 214ms (Views: 204.4ms | ActiveRecord: 7.7ms)


Started GET "/admin/admin_users" for 127.0.0.1 at 2018-07-02 00:15:43 +0530
Processing by Admin::AdminUsersController#index as HTML
  [1m[36mAdminUser Load (0.5ms)[0m  [1m[34mSELECT  "admin_users".* FROM "admin_users" WHERE "admin_users"."id" = $1 ORDER BY "admin_users"."id" ASC LIMIT $2[0m  [["id", 1], ["LIMIT", 1]]
  Rendering /var/lib/gems/2.3.0/bundler/gems/activeadmin-3f9f081e512b/app/views/active_admin/resource/index.html.arb
  [1m[35m (0.4ms)[0m  [1m[34mSELECT COUNT(count_column) FROM (SELECT  1 AS count_column FROM "admin_users" LIMIT $1 OFFSET $2) subquery_for_count[0m  [["LIMIT", 30], ["OFFSET", 0]]
  [1m[36mCACHE (0.0ms)[0m  [1m[34mSELECT COUNT(count_column) FROM (SELECT  1 AS count_column FROM "admin_users" LIMIT $1 OFFSET $2) subquery_for_count[0m  [["LIMIT", 30], ["OFFSET", 0]]
  [1m[35m (0.3ms)[0m  [1m[34mSELECT COUNT(*) FROM "admin_users"[0m
  [1m[36mCACHE (0.0ms)[0m  [1m[34mSELECT COUNT(count_column) FROM (SELECT  1 AS count_column FROM "admin_users" LIMIT $1 OFFSET $2) subquery_for_count[0m  [["LIMIT", 30], ["OFFSET", 0]]
  [1m[36mAdminUser Load (0.4ms)[0m  [1m[34mSELECT  "admin_users".* FROM "admin_users" ORDER BY "admin_users"."id" desc LIMIT $1 OFFSET $2[0m  [["LIMIT", 30], ["OFFSET", 0]]
  Rendered /var/lib/gems/2.3.0/bundler/gems/activeadmin-3f9f081e512b/app/views/active_admin/resource/index.html.arb (88.0ms)
Completed 200 OK in 94ms (Views: 89.2ms | ActiveRecord: 1.6ms)


Started GET "/admin/admin_users" for 127.0.0.1 at 2018-07-02 00:16:59 +0530
  
ActiveAdmin::ResourceCollection::ConfigMismatch (You're trying to register ActiveAdmin::Comment as Comment, but the existing ActiveAdmin::Resource config was built for Comment!):
  
config/routes.rb:14:in `block in <top (required)>'
config/routes.rb:1:in `<top (required)>'
  Rendering /var/lib/gems/2.3.0/gems/actionpack-5.0.6/lib/action_dispatch/middleware/templates/rescues/diagnostics.html.erb within rescues/layout
  Rendering /var/lib/gems/2.3.0/gems/actionpack-5.0.6/lib/action_dispatch/middleware/templates/rescues/_source.html.erb
  Rendered /var/lib/gems/2.3.0/gems/actionpack-5.0.6/lib/action_dispatch/middleware/templates/rescues/_source.html.erb (4.7ms)
  Rendering /var/lib/gems/2.3.0/gems/actionpack-5.0.6/lib/action_dispatch/middleware/templates/rescues/_trace.html.erb
  Rendered /var/lib/gems/2.3.0/gems/actionpack-5.0.6/lib/action_dispatch/middleware/templates/rescues/_trace.html.erb (1.2ms)
  Rendering /var/lib/gems/2.3.0/gems/actionpack-5.0.6/lib/action_dispatch/middleware/templates/rescues/_request_and_response.html.erb
  Rendered /var/lib/gems/2.3.0/gems/actionpack-5.0.6/lib/action_dispatch/middleware/templates/rescues/_request_and_response.html.erb (0.5ms)
  Rendered /var/lib/gems/2.3.0/gems/actionpack-5.0.6/lib/action_dispatch/middleware/templates/rescues/diagnostics.html.erb within rescues/layout (19.6ms)
Started GET "/admin/admin_users" for 127.0.0.1 at 2018-07-02 00:17:41 +0530
  
ActiveAdmin::ResourceCollection::ConfigMismatch (You're trying to register ActiveAdmin::Comment as Comment, but the existing ActiveAdmin::Resource config was built for Comment!):
  
config/routes.rb:14:in `block in <top (required)>'
config/routes.rb:1:in `<top (required)>'
  Rendering /var/lib/gems/2.3.0/gems/actionpack-5.0.6/lib/action_dispatch/middleware/templates/rescues/diagnostics.html.erb within rescues/layout
  Rendering /var/lib/gems/2.3.0/gems/actionpack-5.0.6/lib/action_dispatch/middleware/templates/rescues/_source.html.erb
  Rendered /var/lib/gems/2.3.0/gems/actionpack-5.0.6/lib/action_dispatch/middleware/templates/rescues/_source.html.erb (2.2ms)
  Rendering /var/lib/gems/2.3.0/gems/actionpack-5.0.6/lib/action_dispatch/middleware/templates/rescues/_trace.html.erb
  Rendered /var/lib/gems/2.3.0/gems/actionpack-5.0.6/lib/action_dispatch/middleware/templates/rescues/_trace.html.erb (1.0ms)
  Rendering /var/lib/gems/2.3.0/gems/actionpack-5.0.6/lib/action_dispatch/middleware/templates/rescues/_request_and_response.html.erb
  Rendered /var/lib/gems/2.3.0/gems/actionpack-5.0.6/lib/action_dispatch/middleware/templates/rescues/_request_and_response.html.erb (0.4ms)
  Rendered /var/lib/gems/2.3.0/gems/actionpack-5.0.6/lib/action_dispatch/middleware/templates/rescues/diagnostics.html.erb within rescues/layout (12.7ms)
Started GET "/admin/admin_users" for 127.0.0.1 at 2018-07-02 00:17:55 +0530
  [1m[36mActiveRecord::SchemaMigration Load (0.4ms)[0m  [1m[34mSELECT "schema_migrations".* FROM "schema_migrations"[0m
Processing by Admin::AdminUsersController#index as HTML
  [1m[36mAdminUser Load (0.7ms)[0m  [1m[34mSELECT  "admin_users".* FROM "admin_users" WHERE "admin_users"."id" = $1 ORDER BY "admin_users"."id" ASC LIMIT $2[0m  [["id", 1], ["LIMIT", 1]]
  Rendering /var/lib/gems/2.3.0/bundler/gems/activeadmin-3f9f081e512b/app/views/active_admin/resource/index.html.arb
  [1m[35m (0.5ms)[0m  [1m[34mSELECT COUNT(count_column) FROM (SELECT  1 AS count_column FROM "admin_users" LIMIT $1 OFFSET $2) subquery_for_count[0m  [["LIMIT", 30], ["OFFSET", 0]]
  [1m[36mCACHE (0.0ms)[0m  [1m[34mSELECT COUNT(count_column) FROM (SELECT  1 AS count_column FROM "admin_users" LIMIT $1 OFFSET $2) subquery_for_count[0m  [["LIMIT", 30], ["OFFSET", 0]]
  [1m[35m (0.3ms)[0m  [1m[34mSELECT COUNT(*) FROM "admin_users"[0m
  [1m[36mCACHE (0.0ms)[0m  [1m[34mSELECT COUNT(count_column) FROM (SELECT  1 AS count_column FROM "admin_users" LIMIT $1 OFFSET $2) subquery_for_count[0m  [["LIMIT", 30], ["OFFSET", 0]]
  [1m[36mAdminUser Load (0.4ms)[0m  [1m[34mSELECT  "admin_users".* FROM "admin_users" ORDER BY "admin_users"."id" desc LIMIT $1 OFFSET $2[0m  [["LIMIT", 30], ["OFFSET", 0]]
  Rendered /var/lib/gems/2.3.0/bundler/gems/activeadmin-3f9f081e512b/app/views/active_admin/resource/index.html.arb (648.4ms)
Completed 200 OK in 675ms (Views: 651.7ms | ActiveRecord: 7.3ms)


Started GET "/admin/admin_users" for 127.0.0.1 at 2018-07-02 00:19:15 +0530
Processing by Admin::AdminUsersController#index as HTML
  [1m[36mAdminUser Load (0.3ms)[0m  [1m[34mSELECT  "admin_users".* FROM "admin_users" WHERE "admin_users"."id" = $1 ORDER BY "admin_users"."id" ASC LIMIT $2[0m  [["id", 1], ["LIMIT", 1]]
  Rendering /var/lib/gems/2.3.0/bundler/gems/activeadmin-3f9f081e512b/app/views/active_admin/resource/index.html.arb
  [1m[35m (0.4ms)[0m  [1m[34mSELECT COUNT(count_column) FROM (SELECT  1 AS count_column FROM "admin_users" LIMIT $1 OFFSET $2) subquery_for_count[0m  [["LIMIT", 30], ["OFFSET", 0]]
  [1m[36mCACHE (0.0ms)[0m  [1m[34mSELECT COUNT(count_column) FROM (SELECT  1 AS count_column FROM "admin_users" LIMIT $1 OFFSET $2) subquery_for_count[0m  [["LIMIT", 30], ["OFFSET", 0]]
  [1m[35m (0.3ms)[0m  [1m[34mSELECT COUNT(*) FROM "admin_users"[0m
  [1m[36mCACHE (0.0ms)[0m  [1m[34mSELECT COUNT(count_column) FROM (SELECT  1 AS count_column FROM "admin_users" LIMIT $1 OFFSET $2) subquery_for_count[0m  [["LIMIT", 30], ["OFFSET", 0]]
  [1m[36mAdminUser Load (0.4ms)[0m  [1m[34mSELECT  "admin_users".* FROM "admin_users" ORDER BY "admin_users"."id" desc LIMIT $1 OFFSET $2[0m  [["LIMIT", 30], ["OFFSET", 0]]
  Rendered /var/lib/gems/2.3.0/bundler/gems/activeadmin-3f9f081e512b/app/views/active_admin/resource/index.html.arb (88.4ms)
Completed 200 OK in 110ms (Views: 89.5ms | ActiveRecord: 4.9ms)


Started GET "/admin/post_comments" for 127.0.0.1 at 2018-07-02 00:19:16 +0530
Processing by Admin::PostCommentsController#index as HTML
  [1m[36mAdminUser Load (0.3ms)[0m  [1m[34mSELECT  "admin_users".* FROM "admin_users" WHERE "admin_users"."id" = $1 ORDER BY "admin_users"."id" ASC LIMIT $2[0m  [["id", 1], ["LIMIT", 1]]
  Rendering /var/lib/gems/2.3.0/bundler/gems/activeadmin-3f9f081e512b/app/views/active_admin/resource/index.html.arb
  [1m[35m (0.6ms)[0m  [1m[34mSELECT COUNT(count_column) FROM (SELECT  1 AS count_column FROM "comments" LIMIT $1 OFFSET $2) subquery_for_count[0m  [["LIMIT", 30], ["OFFSET", 0]]
  [1m[36mCACHE (0.0ms)[0m  [1m[34mSELECT COUNT(count_column) FROM (SELECT  1 AS count_column FROM "comments" LIMIT $1 OFFSET $2) subquery_for_count[0m  [["LIMIT", 30], ["OFFSET", 0]]
  [1m[35m (0.2ms)[0m  [1m[34mSELECT COUNT(*) FROM "comments"[0m
  [1m[36mCACHE (0.0ms)[0m  [1m[34mSELECT COUNT(count_column) FROM (SELECT  1 AS count_column FROM "comments" LIMIT $1 OFFSET $2) subquery_for_count[0m  [["LIMIT", 30], ["OFFSET", 0]]
  [1m[36mComment Load (0.4ms)[0m  [1m[34mSELECT  "comments".* FROM "comments" ORDER BY "comments"."id" desc LIMIT $1 OFFSET $2[0m  [["LIMIT", 30], ["OFFSET", 0]]
  [1m[36mReview Load (0.3ms)[0m  [1m[34mSELECT  "reviews".* FROM "reviews" WHERE "reviews"."id" = $1 LIMIT $2[0m  [["id", 2], ["LIMIT", 1]]
  [1m[36mCACHE (0.0ms)[0m  [1m[34mSELECT  "reviews".* FROM "reviews" WHERE "reviews"."id" = $1 LIMIT $2[0m  [["id", 2], ["LIMIT", 1]]
  [1m[36mMovie Load (0.5ms)[0m  [1m[34mSELECT  "movies".* FROM "movies" WHERE "movies"."id" = $1 LIMIT $2[0m  [["id", 3], ["LIMIT", 1]]
  [1m[36mMovie Load (0.3ms)[0m  [1m[34mSELECT  "movies".* FROM "movies" WHERE "movies"."id" = $1 LIMIT $2[0m  [["id", 1], ["LIMIT", 1]]
  [1m[36mUser Load (0.4ms)[0m  [1m[34mSELECT  "users".* FROM "users" WHERE "users"."id" = $1 LIMIT $2[0m  [["id", 23], ["LIMIT", 1]]
  [1m[36mCACHE (0.0ms)[0m  [1m[34mSELECT  "users".* FROM "users" WHERE "users"."id" = $1 LIMIT $2[0m  [["id", 23], ["LIMIT", 1]]
  [1m[36mCACHE (0.0ms)[0m  [1m[34mSELECT  "users".* FROM "users" WHERE "users"."id" = $1 LIMIT $2[0m  [["id", 23], ["LIMIT", 1]]
  [1m[36mUser Load (0.3ms)[0m  [1m[34mSELECT  "users".* FROM "users" WHERE "users"."id" = $1 LIMIT $2[0m  [["id", 2], ["LIMIT", 1]]
  [1m[35m (0.7ms)[0m  [1m[34mSELECT DISTINCT "comments"."commentable_type" FROM "comments" ORDER BY commentable_type asc[0m
  [1m[35m (0.3ms)[0m  [1m[34mSELECT DISTINCT "comments"."commenter_type" FROM "comments" ORDER BY commenter_type asc[0m
  [1m[36mComment Load (0.3ms)[0m  [1m[34mSELECT "comments".* FROM "comments"[0m
  [1m[36mLike Load (0.5ms)[0m  [1m[34mSELECT "likes".* FROM "likes"[0m
  Rendered /var/lib/gems/2.3.0/bundler/gems/activeadmin-3f9f081e512b/app/views/active_admin/resource/index.html.arb (186.7ms)
Completed 200 OK in 195ms (Views: 171.7ms | ActiveRecord: 20.1ms)


Started GET "/admin/post_comments/new" for 127.0.0.1 at 2018-07-02 00:19:37 +0530
Processing by Admin::PostCommentsController#new as HTML
  [1m[36mAdminUser Load (0.4ms)[0m  [1m[34mSELECT  "admin_users".* FROM "admin_users" WHERE "admin_users"."id" = $1 ORDER BY "admin_users"."id" ASC LIMIT $2[0m  [["id", 1], ["LIMIT", 1]]
  Rendering /var/lib/gems/2.3.0/bundler/gems/activeadmin-3f9f081e512b/app/views/active_admin/resource/new.html.arb
  Rendered /var/lib/gems/2.3.0/bundler/gems/activeadmin-3f9f081e512b/app/views/active_admin/resource/new.html.arb (92.9ms)
Completed 200 OK in 107ms (Views: 104.0ms | ActiveRecord: 0.4ms)


Started GET "/admin/post_comments" for 127.0.0.1 at 2018-07-02 00:19:43 +0530
Processing by Admin::PostCommentsController#index as HTML
  [1m[36mAdminUser Load (0.5ms)[0m  [1m[34mSELECT  "admin_users".* FROM "admin_users" WHERE "admin_users"."id" = $1 ORDER BY "admin_users"."id" ASC LIMIT $2[0m  [["id", 1], ["LIMIT", 1]]
  Rendering /var/lib/gems/2.3.0/bundler/gems/activeadmin-3f9f081e512b/app/views/active_admin/resource/index.html.arb
  [1m[35m (0.6ms)[0m  [1m[34mSELECT COUNT(count_column) FROM (SELECT  1 AS count_column FROM "comments" LIMIT $1 OFFSET $2) subquery_for_count[0m  [["LIMIT", 30], ["OFFSET", 0]]
  [1m[36mCACHE (0.0ms)[0m  [1m[34mSELECT COUNT(count_column) FROM (SELECT  1 AS count_column FROM "comments" LIMIT $1 OFFSET $2) subquery_for_count[0m  [["LIMIT", 30], ["OFFSET", 0]]
  [1m[35m (0.4ms)[0m  [1m[34mSELECT COUNT(*) FROM "comments"[0m
  [1m[36mCACHE (0.0ms)[0m  [1m[34mSELECT COUNT(count_column) FROM (SELECT  1 AS count_column FROM "comments" LIMIT $1 OFFSET $2) subquery_for_count[0m  [["LIMIT", 30], ["OFFSET", 0]]
  [1m[36mComment Load (0.3ms)[0m  [1m[34mSELECT  "comments".* FROM "comments" ORDER BY "comments"."id" desc LIMIT $1 OFFSET $2[0m  [["LIMIT", 30], ["OFFSET", 0]]
  [1m[36mReview Load (0.3ms)[0m  [1m[34mSELECT  "reviews".* FROM "reviews" WHERE "reviews"."id" = $1 LIMIT $2[0m  [["id", 2], ["LIMIT", 1]]
  [1m[36mCACHE (0.0ms)[0m  [1m[34mSELECT  "reviews".* FROM "reviews" WHERE "reviews"."id" = $1 LIMIT $2[0m  [["id", 2], ["LIMIT", 1]]
  [1m[36mMovie Load (0.3ms)[0m  [1m[34mSELECT  "movies".* FROM "movies" WHERE "movies"."id" = $1 LIMIT $2[0m  [["id", 3], ["LIMIT", 1]]
  [1m[36mMovie Load (0.2ms)[0m  [1m[34mSELECT  "movies".* FROM "movies" WHERE "movies"."id" = $1 LIMIT $2[0m  [["id", 1], ["LIMIT", 1]]
  [1m[36mUser Load (0.3ms)[0m  [1m[34mSELECT  "users".* FROM "users" WHERE "users"."id" = $1 LIMIT $2[0m  [["id", 23], ["LIMIT", 1]]
  [1m[36mCACHE (0.0ms)[0m  [1m[34mSELECT  "users".* FROM "users" WHERE "users"."id" = $1 LIMIT $2[0m  [["id", 23], ["LIMIT", 1]]
  [1m[36mCACHE (0.0ms)[0m  [1m[34mSELECT  "users".* FROM "users" WHERE "users"."id" = $1 LIMIT $2[0m  [["id", 23], ["LIMIT", 1]]
  [1m[36mUser Load (0.3ms)[0m  [1m[34mSELECT  "users".* FROM "users" WHERE "users"."id" = $1 LIMIT $2[0m  [["id", 2], ["LIMIT", 1]]
  [1m[35m (0.4ms)[0m  [1m[34mSELECT DISTINCT "comments"."commentable_type" FROM "comments" ORDER BY commentable_type asc[0m
  [1m[35m (0.2ms)[0m  [1m[34mSELECT DISTINCT "comments"."commenter_type" FROM "comments" ORDER BY commenter_type asc[0m
  [1m[36mComment Load (0.2ms)[0m  [1m[34mSELECT "comments".* FROM "comments"[0m
  [1m[36mLike Load (0.2ms)[0m  [1m[34mSELECT "likes".* FROM "likes"[0m
  Rendered /var/lib/gems/2.3.0/bundler/gems/activeadmin-3f9f081e512b/app/views/active_admin/resource/index.html.arb (116.1ms)
Completed 200 OK in 121ms (Views: 114.5ms | ActiveRecord: 4.1ms)


Started GET "/admin/post_comments" for 127.0.0.1 at 2018-07-02 00:20:00 +0530
Processing by Admin::PostCommentsController#index as HTML
  [1m[36mAdminUser Load (0.2ms)[0m  [1m[34mSELECT  "admin_users".* FROM "admin_users" WHERE "admin_users"."id" = $1 ORDER BY "admin_users"."id" ASC LIMIT $2[0m  [["id", 1], ["LIMIT", 1]]
  Rendering /var/lib/gems/2.3.0/bundler/gems/activeadmin-3f9f081e512b/app/views/active_admin/resource/index.html.arb
  [1m[35m (0.3ms)[0m  [1m[34mSELECT COUNT(count_column) FROM (SELECT  1 AS count_column FROM "comments" LIMIT $1 OFFSET $2) subquery_for_count[0m  [["LIMIT", 30], ["OFFSET", 0]]
  [1m[36mCACHE (0.0ms)[0m  [1m[34mSELECT COUNT(count_column) FROM (SELECT  1 AS count_column FROM "comments" LIMIT $1 OFFSET $2) subquery_for_count[0m  [["LIMIT", 30], ["OFFSET", 0]]
  [1m[35m (0.1ms)[0m  [1m[34mSELECT COUNT(*) FROM "comments"[0m
  [1m[36mCACHE (0.0ms)[0m  [1m[34mSELECT COUNT(count_column) FROM (SELECT  1 AS count_column FROM "comments" LIMIT $1 OFFSET $2) subquery_for_count[0m  [["LIMIT", 30], ["OFFSET", 0]]
  [1m[36mComment Load (0.2ms)[0m  [1m[34mSELECT  "comments".* FROM "comments" ORDER BY "comments"."id" desc LIMIT $1 OFFSET $2[0m  [["LIMIT", 30], ["OFFSET", 0]]
  [1m[36mReview Load (0.1ms)[0m  [1m[34mSELECT  "reviews".* FROM "reviews" WHERE "reviews"."id" = $1 LIMIT $2[0m  [["id", 2], ["LIMIT", 1]]
  [1m[36mCACHE (0.0ms)[0m  [1m[34mSELECT  "reviews".* FROM "reviews" WHERE "reviews"."id" = $1 LIMIT $2[0m  [["id", 2], ["LIMIT", 1]]
  [1m[36mMovie Load (0.2ms)[0m  [1m[34mSELECT  "movies".* FROM "movies" WHERE "movies"."id" = $1 LIMIT $2[0m  [["id", 3], ["LIMIT", 1]]
  [1m[36mMovie Load (0.3ms)[0m  [1m[34mSELECT  "movies".* FROM "movies" WHERE "movies"."id" = $1 LIMIT $2[0m  [["id", 1], ["LIMIT", 1]]
  [1m[36mUser Load (0.2ms)[0m  [1m[34mSELECT  "users".* FROM "users" WHERE "users"."id" = $1 LIMIT $2[0m  [["id", 23], ["LIMIT", 1]]
  [1m[36mCACHE (0.0ms)[0m  [1m[34mSELECT  "users".* FROM "users" WHERE "users"."id" = $1 LIMIT $2[0m  [["id", 23], ["LIMIT", 1]]
  [1m[36mCACHE (0.0ms)[0m  [1m[34mSELECT  "users".* FROM "users" WHERE "users"."id" = $1 LIMIT $2[0m  [["id", 23], ["LIMIT", 1]]
  [1m[36mUser Load (0.3ms)[0m  [1m[34mSELECT  "users".* FROM "users" WHERE "users"."id" = $1 LIMIT $2[0m  [["id", 2], ["LIMIT", 1]]
  [1m[35m (0.5ms)[0m  [1m[34mSELECT DISTINCT "comments"."commentable_type" FROM "comments" ORDER BY commentable_type asc[0m
  [1m[35m (0.3ms)[0m  [1m[34mSELECT DISTINCT "comments"."commenter_type" FROM "comments" ORDER BY commenter_type asc[0m
  [1m[36mComment Load (0.2ms)[0m  [1m[34mSELECT "comments".* FROM "comments"[0m
  [1m[36mLike Load (0.2ms)[0m  [1m[34mSELECT "likes".* FROM "likes"[0m
  Rendered /var/lib/gems/2.3.0/bundler/gems/activeadmin-3f9f081e512b/app/views/active_admin/resource/index.html.arb (170.4ms)
Completed 200 OK in 192ms (Views: 161.3ms | ActiveRecord: 15.2ms)


Started GET "/admin/users" for 127.0.0.1 at 2018-07-02 00:20:02 +0530
Processing by Admin::UsersController#index as HTML
  [1m[36mAdminUser Load (4.1ms)[0m  [1m[34mSELECT  "admin_users".* FROM "admin_users" WHERE "admin_users"."id" = $1 ORDER BY "admin_users"."id" ASC LIMIT $2[0m  [["id", 1], ["LIMIT", 1]]
  Rendering /var/lib/gems/2.3.0/bundler/gems/activeadmin-3f9f081e512b/app/views/active_admin/resource/index.html.arb
  [1m[35m (0.4ms)[0m  [1m[34mSELECT COUNT(count_column) FROM (SELECT  1 AS count_column FROM "users" LIMIT $1 OFFSET $2) subquery_for_count[0m  [["LIMIT", 30], ["OFFSET", 0]]
  [1m[36mCACHE (0.0ms)[0m  [1m[34mSELECT COUNT(count_column) FROM (SELECT  1 AS count_column FROM "users" LIMIT $1 OFFSET $2) subquery_for_count[0m  [["LIMIT", 30], ["OFFSET", 0]]
  [1m[35m (0.2ms)[0m  [1m[34mSELECT COUNT(*) FROM "users"[0m
  [1m[36mCACHE (0.0ms)[0m  [1m[34mSELECT COUNT(count_column) FROM (SELECT  1 AS count_column FROM "users" LIMIT $1 OFFSET $2) subquery_for_count[0m  [["LIMIT", 30], ["OFFSET", 0]]
  [1m[36mUser Load (0.4ms)[0m  [1m[34mSELECT  "users".* FROM "users" ORDER BY "users"."id" desc LIMIT $1 OFFSET $2[0m  [["LIMIT", 30], ["OFFSET", 0]]
  [1m[36mReview Load (0.3ms)[0m  [1m[34mSELECT "reviews".* FROM "reviews"[0m
  [1m[36mComment Load (0.2ms)[0m  [1m[34mSELECT "comments".* FROM "comments"[0m
  [1m[36mLike Load (0.2ms)[0m  [1m[34mSELECT "likes".* FROM "likes"[0m
  [1m[36mTag Load (0.2ms)[0m  [1m[34mSELECT "tags".* FROM "tags"[0m
  [1m[36mConversation Load (0.4ms)[0m  [1m[34mSELECT "conversations".* FROM "conversations"[0m
  [1m[36mMessage Load (0.6ms)[0m  [1m[34mSELECT "messages".* FROM "messages"[0m
  [1m[36mRate Load (0.5ms)[0m  [1m[34mSELECT "rates".* FROM "rates"[0m
  [1m[36mFollow Load (55.4ms)[0m  [1m[34mSELECT "follows".* FROM "follows"[0m
  [1m[36mCACHE (0.0ms)[0m  [1m[34mSELECT "follows".* FROM "follows"[0m
  [1m[36mThredded::Post Load (52.1ms)[0m  [1m[34mSELECT "thredded_posts".* FROM "thredded_posts"[0m
  [1m[36mThredded::Topic Load (18.2ms)[0m  [1m[34mSELECT "thredded_topics".* FROM "thredded_topics"[0m
  [1m[36mThredded::PrivatePost Load (46.1ms)[0m  [1m[34mSELECT "thredded_private_posts".* FROM "thredded_private_posts"[0m
  [1m[36mThredded::PrivateTopic Load (1.7ms)[0m  [1m[34mSELECT "thredded_private_topics".* FROM "thredded_private_topics"[0m
  [1m[36mCACHE (0.0ms)[0m  [1m[34mSELECT "thredded_topics".* FROM "thredded_topics"[0m
  [1m[36mCACHE (0.0ms)[0m  [1m[34mSELECT "thredded_private_topics".* FROM "thredded_private_topics"[0m
  [1m[36mThredded::UserMessageboardPreference Load (0.9ms)[0m  [1m[34mSELECT "thredded_user_messageboard_preferences".* FROM "thredded_user_messageboard_preferences"[0m
  [1m[36mThredded::NotificationsForFollowedTopics Load (0.7ms)[0m  [1m[34mSELECT "thredded_notifications_for_followed_topics".* FROM "thredded_notifications_for_followed_topics"[0m
  [1m[36mThredded::NotificationsForPrivateTopics Load (0.6ms)[0m  [1m[34mSELECT "thredded_notifications_for_private_topics".* FROM "thredded_notifications_for_private_topics"[0m
  [1m[36mThredded::UserPostNotification Load (6.3ms)[0m  [1m[34mSELECT "thredded_user_post_notifications".* FROM "thredded_user_post_notifications"[0m
  [1m[36mThredded::PrivateUser Load (1.4ms)[0m  [1m[34mSELECT "thredded_private_users".* FROM "thredded_private_users"[0m
  [1m[36mThredded::UserTopicReadState Load (0.7ms)[0m  [1m[34mSELECT "thredded_user_topic_read_states".* FROM "thredded_user_topic_read_states"[0m
  [1m[36mThredded::UserPrivateTopicReadState Load (1.3ms)[0m  [1m[34mSELECT "thredded_user_private_topic_read_states".* FROM "thredded_user_private_topic_read_states"[0m
  [1m[36mThredded::UserTopicFollow Load (1.0ms)[0m  [1m[34mSELECT "thredded_user_topic_follows".* FROM "thredded_user_topic_follows"[0m
  [1m[36mThredded::UserDetail Load (9.9ms)[0m  [1m[34mSELECT "thredded_user_details".* FROM "thredded_user_details"[0m
  [1m[36mThredded::UserPreference Load (0.7ms)[0m  [1m[34mSELECT "thredded_user_preferences".* FROM "thredded_user_preferences"[0m
  [1m[36mCACHE (0.0ms)[0m  [1m[34mSELECT "thredded_private_topics".* FROM "thredded_private_topics"[0m
  [1m[36mThredded::PostModerationRecord Load (1.1ms)[0m  [1m[34mSELECT "thredded_post_moderation_records".* FROM "thredded_post_moderation_records"[0m
  [1m[36mCACHE (0.0ms)[0m  [1m[34mSELECT "thredded_post_moderation_records".* FROM "thredded_post_moderation_records"[0m
  Rendered /var/lib/gems/2.3.0/bundler/gems/activeadmin-3f9f081e512b/app/views/active_admin/resource/index.html.arb (773.5ms)
Completed 200 OK in 786ms (Views: 521.5ms | ActiveRecord: 259.8ms)


Started GET "/admin/users/23/edit" for 127.0.0.1 at 2018-07-02 00:20:54 +0530
Processing by Admin::UsersController#edit as HTML
  Parameters: {"id"=>"23"}
  [1m[36mAdminUser Load (0.4ms)[0m  [1m[34mSELECT  "admin_users".* FROM "admin_users" WHERE "admin_users"."id" = $1 ORDER BY "admin_users"."id" ASC LIMIT $2[0m  [["id", 1], ["LIMIT", 1]]
  [1m[36mUser Load (0.3ms)[0m  [1m[34mSELECT  "users".* FROM "users" WHERE "users"."id" = $1 LIMIT $2[0m  [["id", 23], ["LIMIT", 1]]
  Rendering /var/lib/gems/2.3.0/bundler/gems/activeadmin-3f9f081e512b/app/views/active_admin/resource/edit.html.arb
  [1m[36mCACHE (0.0ms)[0m  [1m[34mSELECT  "users".* FROM "users" WHERE "users"."id" = $1 LIMIT $2[0m  [["id", 23], ["LIMIT", 1]]
  Rendered /var/lib/gems/2.3.0/bundler/gems/activeadmin-3f9f081e512b/app/views/active_admin/resource/edit.html.arb (146.2ms)
Completed 401 Unauthorized in 221ms (ActiveRecord: 0.7ms)


  
ActionView::Template::Error (Unable to find input class InetInput):
    1: insert_tag renderer_for(:edit)
  
formtastic (3.1.5) lib/formtastic/helpers/input_helper.rb:336:in `rescue in namespaced_input_class'
formtastic (3.1.5) lib/formtastic/helpers/input_helper.rb:333:in `namespaced_input_class'
formtastic (3.1.5) lib/formtastic/helpers/input_helper.rb:342:in `input_class'
formtastic (3.1.5) lib/formtastic/helpers/input_helper.rb:240:in `input'
formtastic (3.1.5) lib/formtastic/helpers/inputs_helper.rb:330:in `block in fieldset_contents_from_column_list'
formtastic (3.1.5) lib/formtastic/helpers/inputs_helper.rb:318:in `collect'
formtastic (3.1.5) lib/formtastic/helpers/inputs_helper.rb:318:in `fieldset_contents_from_column_list'
formtastic (3.1.5) lib/formtastic/helpers/inputs_helper.rb:297:in `inputs'
arbre (1.1.1) lib/arbre/rails/forms.rb:30:in `proxy_call_to_form'
/var/lib/gems/2.3.0/bundler/gems/activeadmin-3f9f081e512b/lib/active_admin/views/components/active_admin_form.rb:60:in `inputs'
/var/lib/gems/2.3.0/bundler/gems/activeadmin-3f9f081e512b/lib/active_admin/views/pages/form.rb:45:in `block in default_form_config'
/var/lib/gems/2.3.0/bundler/gems/activeadmin-3f9f081e512b/lib/active_admin/views/components/active_admin_form.rb:35:in `instance_eval'
/var/lib/gems/2.3.0/bundler/gems/activeadmin-3f9f081e512b/lib/active_admin/views/components/active_admin_form.rb:35:in `build'
arbre (1.1.1) lib/arbre/element/builder_methods.rb:28:in `block in build_tag'
arbre (1.1.1) lib/arbre/context.rb:92:in `with_current_arbre_element'
arbre (1.1.1) lib/arbre/element/builder_methods.rb:49:in `with_current_arbre_element'
arbre (1.1.1) lib/arbre/element/builder_methods.rb:26:in `build_tag'
arbre (1.1.1) lib/arbre/element/builder_methods.rb:39:in `insert_tag'
arbre (1.1.1) lib/arbre/element/builder_methods.rb:14:in `active_admin_form_for'
/var/lib/gems/2.3.0/bundler/gems/activeadmin-3f9f081e512b/lib/active_admin/views/pages/form.rb:25:in `main_content'
/var/lib/gems/2.3.0/bundler/gems/activeadmin-3f9f081e512b/lib/active_admin/views/pages/base.rb:95:in `block (2 levels) in build_main_content_wrapper'
arbre (1.1.1) lib/arbre/element/builder_methods.rb:31:in `block in build_tag'
arbre (1.1.1) lib/arbre/context.rb:92:in `with_current_arbre_element'
arbre (1.1.1) lib/arbre/element/builder_methods.rb:49:in `with_current_arbre_element'
arbre (1.1.1) lib/arbre/element/builder_methods.rb:26:in `build_tag'
arbre (1.1.1) lib/arbre/element/builder_methods.rb:39:in `insert_tag'
arbre (1.1.1) lib/arbre/element/builder_methods.rb:14:in `div'
/var/lib/gems/2.3.0/bundler/gems/activeadmin-3f9f081e512b/lib/active_admin/views/pages/base.rb:94:in `block in build_main_content_wrapper'
arbre (1.1.1) lib/arbre/element/builder_methods.rb:31:in `block in build_tag'
arbre (1.1.1) lib/arbre/context.rb:92:in `with_current_arbre_element'
arbre (1.1.1) lib/arbre/element/builder_methods.rb:49:in `with_current_arbre_element'
arbre (1.1.1) lib/arbre/element/builder_methods.rb:26:in `build_tag'
arbre (1.1.1) lib/arbre/element/builder_methods.rb:39:in `insert_tag'
arbre (1.1.1) lib/arbre/element/builder_methods.rb:14:in `div'
/var/lib/gems/2.3.0/bundler/gems/activeadmin-3f9f081e512b/lib/active_admin/views/pages/base.rb:93:in `build_main_content_wrapper'
/var/lib/gems/2.3.0/bundler/gems/activeadmin-3f9f081e512b/lib/active_admin/views/pages/base.rb:79:in `block in build_page_content'
arbre (1.1.1) lib/arbre/element/builder_methods.rb:31:in `block in build_tag'
arbre (1.1.1) lib/arbre/context.rb:92:in `with_current_arbre_element'
arbre (1.1.1) lib/arbre/element/builder_methods.rb:49:in `with_current_arbre_element'
arbre (1.1.1) lib/arbre/element/builder_methods.rb:26:in `build_tag'
arbre (1.1.1) lib/arbre/element/builder_methods.rb:39:in `insert_tag'
arbre (1.1.1) lib/arbre/element/builder_methods.rb:14:in `div'
/var/lib/gems/2.3.0/bundler/gems/activeadmin-3f9f081e512b/lib/active_admin/views/pages/base.rb:78:in `build_page_content'
/var/lib/gems/2.3.0/bundler/gems/activeadmin-3f9f081e512b/lib/active_admin/views/pages/base.rb:55:in `block (2 levels) in build_page'
arbre (1.1.1) lib/arbre/element/builder_methods.rb:31:in `block in build_tag'
arbre (1.1.1) lib/arbre/context.rb:92:in `with_current_arbre_element'
arbre (1.1.1) lib/arbre/element/builder_methods.rb:49:in `with_current_arbre_element'
arbre (1.1.1) lib/arbre/element/builder_methods.rb:26:in `build_tag'
arbre (1.1.1) lib/arbre/element/builder_methods.rb:39:in `insert_tag'
arbre (1.1.1) lib/arbre/element/builder_methods.rb:14:in `div'
/var/lib/gems/2.3.0/bundler/gems/activeadmin-3f9f081e512b/lib/active_admin/views/pages/base.rb:51:in `block in build_page'
arbre (1.1.1) lib/arbre/context.rb:92:in `with_current_arbre_element'
arbre (1.1.1) lib/arbre/element/builder_methods.rb:49:in `with_current_arbre_element'
/var/lib/gems/2.3.0/bundler/gems/activeadmin-3f9f081e512b/lib/active_admin/views/pages/base.rb:50:in `build_page'
/var/lib/gems/2.3.0/bundler/gems/activeadmin-3f9f081e512b/lib/active_admin/views/pages/base.rb:9:in `build'
arbre (1.1.1) lib/arbre/element/builder_methods.rb:30:in `block in build_tag'
arbre (1.1.1) lib/arbre/context.rb:92:in `with_current_arbre_element'
arbre (1.1.1) lib/arbre/element/builder_methods.rb:26:in `build_tag'
arbre (1.1.1) lib/arbre/element/builder_methods.rb:39:in `insert_tag'
/var/lib/gems/2.3.0/bundler/gems/activeadmin-3f9f081e512b/app/views/active_admin/resource/edit.html.arb:2:in `block in __var_lib_gems_______bundler_gems_activeadmin__f_f___e___b_app_views_active_admin_resource_edit_html_arb___702804645670321061_70342770154980'
arbre (1.1.1) lib/arbre/context.rb:45:in `instance_eval'
arbre (1.1.1) lib/arbre/context.rb:45:in `initialize'
/var/lib/gems/2.3.0/bundler/gems/activeadmin-3f9f081e512b/app/views/active_admin/resource/edit.html.arb:1:in `new'
/var/lib/gems/2.3.0/bundler/gems/activeadmin-3f9f081e512b/app/views/active_admin/resource/edit.html.arb:1:in `__var_lib_gems_______bundler_gems_activeadmin__f_f___e___b_app_views_active_admin_resource_edit_html_arb___702804645670321061_70342770154980'
actionview (5.0.6) lib/action_view/template.rb:159:in `block in render'
activesupport (5.0.6) lib/active_support/notifications.rb:166:in `instrument'
actionview (5.0.6) lib/action_view/template.rb:354:in `instrument'
actionview (5.0.6) lib/action_view/template.rb:157:in `render'
actionview (5.0.6) lib/action_view/renderer/template_renderer.rb:54:in `block (2 levels) in render_template'
actionview (5.0.6) lib/action_view/renderer/abstract_renderer.rb:42:in `block in instrument'
activesupport (5.0.6) lib/active_support/notifications.rb:164:in `block in instrument'
activesupport (5.0.6) lib/active_support/notifications/instrumenter.rb:21:in `instrument'
activesupport (5.0.6) lib/active_support/notifications.rb:164:in `instrument'
actionview (5.0.6) lib/action_view/renderer/abstract_renderer.rb:41:in `instrument'
actionview (5.0.6) lib/action_view/renderer/template_renderer.rb:53:in `block in render_template'
actionview (5.0.6) lib/action_view/renderer/template_renderer.rb:61:in `render_with_layout'
actionview (5.0.6) lib/action_view/renderer/template_renderer.rb:52:in `render_template'
actionview (5.0.6) lib/action_view/renderer/template_renderer.rb:14:in `render'
actionview (5.0.6) lib/action_view/renderer/renderer.rb:42:in `render_template'
actionview (5.0.6) lib/action_view/renderer/renderer.rb:23:in `render'
actionview (5.0.6) lib/action_view/rendering.rb:104:in `_render_template'
actionpack (5.0.6) lib/action_controller/metal/streaming.rb:217:in `_render_template'
actionview (5.0.6) lib/action_view/rendering.rb:83:in `render_to_body'
actionpack (5.0.6) lib/action_controller/metal/rendering.rb:52:in `render_to_body'
actionpack (5.0.6) lib/action_controller/metal/renderers.rb:142:in `render_to_body'
actionpack (5.0.6) lib/abstract_controller/rendering.rb:26:in `render'
actionpack (5.0.6) lib/action_controller/metal/rendering.rb:36:in `render'
actionpack (5.0.6) lib/action_controller/metal/instrumentation.rb:44:in `block (2 levels) in render'
activesupport (5.0.6) lib/active_support/core_ext/benchmark.rb:12:in `block in ms'
/usr/lib/ruby/2.3.0/benchmark.rb:308:in `realtime'
activesupport (5.0.6) lib/active_support/core_ext/benchmark.rb:12:in `ms'
actionpack (5.0.6) lib/action_controller/metal/instrumentation.rb:44:in `block in render'
actionpack (5.0.6) lib/action_controller/metal/instrumentation.rb:87:in `cleanup_view_runtime'
activerecord (5.0.6) lib/active_record/railties/controller_runtime.rb:25:in `cleanup_view_runtime'
actionpack (5.0.6) lib/action_controller/metal/instrumentation.rb:43:in `render'
responders (2.4.0) lib/action_controller/responder.rb:238:in `default_render'
responders (2.4.0) lib/action_controller/responder.rb:170:in `to_html'
responders (2.4.0) lib/responders/flash_responder.rb:107:in `to_html'
responders (2.4.0) lib/action_controller/responder.rb:163:in `respond'
responders (2.4.0) lib/action_controller/responder.rb:156:in `call'
responders (2.4.0) lib/action_controller/respond_with.rb:211:in `respond_with'
inherited_resources (1.8.0) lib/inherited_resources/actions.rb:25:in `edit'
actionpack (5.0.6) lib/action_controller/metal/basic_implicit_render.rb:4:in `send_action'
actionpack (5.0.6) lib/abstract_controller/base.rb:188:in `process_action'
actionpack (5.0.6) lib/action_controller/metal/rendering.rb:30:in `process_action'
actionpack (5.0.6) lib/abstract_controller/callbacks.rb:20:in `block in process_action'
activesupport (5.0.6) lib/active_support/callbacks.rb:126:in `call'
activesupport (5.0.6) lib/active_support/callbacks.rb:506:in `block (2 levels) in compile'
activesupport (5.0.6) lib/active_support/callbacks.rb:455:in `call'
activesupport (5.0.6) lib/active_support/callbacks.rb:101:in `__run_callbacks__'
activesupport (5.0.6) lib/active_support/callbacks.rb:750:in `_run_process_action_callbacks'
activesupport (5.0.6) lib/active_support/callbacks.rb:90:in `run_callbacks'
actionpack (5.0.6) lib/abstract_controller/callbacks.rb:19:in `process_action'
actionpack (5.0.6) lib/action_controller/metal/rescue.rb:20:in `process_action'
actionpack (5.0.6) lib/action_controller/metal/instrumentation.rb:32:in `block in process_action'
activesupport (5.0.6) lib/active_support/notifications.rb:164:in `block in instrument'
activesupport (5.0.6) lib/active_support/notifications/instrumenter.rb:21:in `instrument'
activesupport (5.0.6) lib/active_support/notifications.rb:164:in `instrument'
actionpack (5.0.6) lib/action_controller/metal/instrumentation.rb:30:in `process_action'
actionpack (5.0.6) lib/action_controller/metal/params_wrapper.rb:248:in `process_action'
activerecord (5.0.6) lib/active_record/railties/controller_runtime.rb:18:in `process_action'
actionpack (5.0.6) lib/abstract_controller/base.rb:126:in `process'
actionview (5.0.6) lib/action_view/rendering.rb:30:in `process'
actionpack (5.0.6) lib/action_controller/metal.rb:190:in `dispatch'
actionpack (5.0.6) lib/action_controller/metal.rb:262:in `dispatch'
actionpack (5.0.6) lib/action_dispatch/routing/route_set.rb:50:in `dispatch'
actionpack (5.0.6) lib/action_dispatch/routing/route_set.rb:32:in `serve'
actionpack (5.0.6) lib/action_dispatch/journey/router.rb:39:in `block in serve'
actionpack (5.0.6) lib/action_dispatch/journey/router.rb:26:in `each'
actionpack (5.0.6) lib/action_dispatch/journey/router.rb:26:in `serve'
actionpack (5.0.6) lib/action_dispatch/routing/route_set.rb:727:in `call'
warden (1.2.7) lib/warden/manager.rb:36:in `block in call'
warden (1.2.7) lib/warden/manager.rb:35:in `catch'
warden (1.2.7) lib/warden/manager.rb:35:in `call'
rack (2.0.3) lib/rack/etag.rb:25:in `call'
rack (2.0.3) lib/rack/conditional_get.rb:25:in `call'
rack (2.0.3) lib/rack/head.rb:12:in `call'
rack (2.0.3) lib/rack/session/abstract/id.rb:232:in `context'
rack (2.0.3) lib/rack/session/abstract/id.rb:226:in `call'
actionpack (5.0.6) lib/action_dispatch/middleware/cookies.rb:613:in `call'
activerecord (5.0.6) lib/active_record/migration.rb:553:in `call'
actionpack (5.0.6) lib/action_dispatch/middleware/callbacks.rb:38:in `block in call'
activesupport (5.0.6) lib/active_support/callbacks.rb:97:in `__run_callbacks__'
activesupport (5.0.6) lib/active_support/callbacks.rb:750:in `_run_call_callbacks'
activesupport (5.0.6) lib/active_support/callbacks.rb:90:in `run_callbacks'
actionpack (5.0.6) lib/action_dispatch/middleware/callbacks.rb:36:in `call'
actionpack (5.0.6) lib/action_dispatch/middleware/executor.rb:12:in `call'
actionpack (5.0.6) lib/action_dispatch/middleware/remote_ip.rb:79:in `call'
actionpack (5.0.6) lib/action_dispatch/middleware/debug_exceptions.rb:49:in `call'
web-console (3.5.1) lib/web_console/middleware.rb:135:in `call_app'
web-console (3.5.1) lib/web_console/middleware.rb:28:in `block in call'
web-console (3.5.1) lib/web_console/middleware.rb:18:in `catch'
web-console (3.5.1) lib/web_console/middleware.rb:18:in `call'
actionpack (5.0.6) lib/action_dispatch/middleware/show_exceptions.rb:31:in `call'
railties (5.0.6) lib/rails/rack/logger.rb:36:in `call_app'
railties (5.0.6) lib/rails/rack/logger.rb:24:in `block in call'
activesupport (5.0.6) lib/active_support/tagged_logging.rb:69:in `block in tagged'
activesupport (5.0.6) lib/active_support/tagged_logging.rb:26:in `tagged'
activesupport (5.0.6) lib/active_support/tagged_logging.rb:69:in `tagged'
railties (5.0.6) lib/rails/rack/logger.rb:24:in `call'
sprockets-rails (3.2.1) lib/sprockets/rails/quiet_assets.rb:13:in `call'
actionpack (5.0.6) lib/action_dispatch/middleware/request_id.rb:24:in `call'
rack (2.0.3) lib/rack/method_override.rb:22:in `call'
rack (2.0.3) lib/rack/runtime.rb:22:in `call'
activesupport (5.0.6) lib/active_support/cache/strategy/local_cache_middleware.rb:28:in `call'
actionpack (5.0.6) lib/action_dispatch/middleware/executor.rb:12:in `call'
actionpack (5.0.6) lib/action_dispatch/middleware/static.rb:136:in `call'
rack (2.0.3) lib/rack/sendfile.rb:111:in `call'
railties (5.0.6) lib/rails/engine.rb:522:in `call'
puma (3.10.0) lib/puma/configuration.rb:225:in `call'
puma (3.10.0) lib/puma/server.rb:605:in `handle_request'
puma (3.10.0) lib/puma/server.rb:437:in `process_client'
puma (3.10.0) lib/puma/server.rb:301:in `block in run'
puma (3.10.0) lib/puma/thread_pool.rb:120:in `block in spawn_thread'
  Rendering /var/lib/gems/2.3.0/gems/actionpack-5.0.6/lib/action_dispatch/middleware/templates/rescues/template_error.html.erb within rescues/layout
  Rendering /var/lib/gems/2.3.0/gems/actionpack-5.0.6/lib/action_dispatch/middleware/templates/rescues/_source.html.erb
  Rendered /var/lib/gems/2.3.0/gems/actionpack-5.0.6/lib/action_dispatch/middleware/templates/rescues/_source.html.erb (6.5ms)
  Rendering /var/lib/gems/2.3.0/gems/actionpack-5.0.6/lib/action_dispatch/middleware/templates/rescues/_trace.html.erb
  Rendered /var/lib/gems/2.3.0/gems/actionpack-5.0.6/lib/action_dispatch/middleware/templates/rescues/_trace.html.erb (1.7ms)
  Rendering /var/lib/gems/2.3.0/gems/actionpack-5.0.6/lib/action_dispatch/middleware/templates/rescues/_request_and_response.html.erb
  Rendered /var/lib/gems/2.3.0/gems/actionpack-5.0.6/lib/action_dispatch/middleware/templates/rescues/_request_and_response.html.erb (0.6ms)
  Rendered /var/lib/gems/2.3.0/gems/actionpack-5.0.6/lib/action_dispatch/middleware/templates/rescues/template_error.html.erb within rescues/layout (20.9ms)
Started GET "/admin/logout" for 127.0.0.1 at 2018-07-02 00:21:39 +0530
Processing by ActiveAdmin::Devise::SessionsController#destroy as HTML
  [1m[36mAdminUser Load (0.4ms)[0m  [1m[34mSELECT  "admin_users".* FROM "admin_users" WHERE "admin_users"."id" = $1 ORDER BY "admin_users"."id" ASC LIMIT $2[0m  [["id", 1], ["LIMIT", 1]]
  [1m[35m (0.2ms)[0m  [1m[35mBEGIN[0m
  [1m[35m (0.1ms)[0m  [1m[35mCOMMIT[0m
Redirected to http://localhost:3000/admin
Completed 302 Found in 26ms (ActiveRecord: 0.7ms)


Started GET "/admin" for 127.0.0.1 at 2018-07-02 00:21:39 +0530
Processing by Admin::DashboardController#index as HTML
Completed 401 Unauthorized in 3ms (ActiveRecord: 0.0ms)


Started GET "/admin/login" for 127.0.0.1 at 2018-07-02 00:21:39 +0530
Processing by ActiveAdmin::Devise::SessionsController#new as HTML
  Rendering /var/lib/gems/2.3.0/bundler/gems/activeadmin-3f9f081e512b/app/views/active_admin/devise/sessions/new.html.erb within layouts/active_admin_logged_out
  Rendered /var/lib/gems/2.3.0/bundler/gems/activeadmin-3f9f081e512b/app/views/active_admin/devise/shared/_links.erb (0.8ms)
  Rendered /var/lib/gems/2.3.0/bundler/gems/activeadmin-3f9f081e512b/app/views/active_admin/devise/sessions/new.html.erb within layouts/active_admin_logged_out (12.9ms)
Completed 200 OK in 79ms (Views: 77.2ms | ActiveRecord: 0.0ms)


Started GET "/" for 127.0.0.1 at 2018-07-02 00:22:39 +0530
Processing by MoviesController#index as HTML
  Rendering movies/index.html.erb within layouts/application
  [1m[35m (0.4ms)[0m  [1m[34mSELECT COUNT(*) FROM "movies"[0m
  [1m[36mMovie Load (0.4ms)[0m  [1m[34mSELECT  "movies".* FROM "movies" LIMIT $1 OFFSET $2[0m  [["LIMIT", 8], ["OFFSET", 0]]
  [1m[36mRatingCache Load (0.7ms)[0m  [1m[34mSELECT  "rating_caches".* FROM "rating_caches" WHERE "rating_caches"."cacheable_id" = $1 AND "rating_caches"."cacheable_type" = $2 AND "rating_caches"."dimension" = $3 LIMIT $4[0m  [["cacheable_id", 1], ["cacheable_type", "Movie"], ["dimension", "quality"], ["LIMIT", 1]]
  Rendered likes/_form.html.erb (0.6ms)
  [1m[36mRatingCache Load (0.7ms)[0m  [1m[34mSELECT  "rating_caches".* FROM "rating_caches" WHERE "rating_caches"."cacheable_id" = $1 AND "rating_caches"."cacheable_type" = $2 AND "rating_caches"."dimension" = $3 LIMIT $4[0m  [["cacheable_id", 2], ["cacheable_type", "Movie"], ["dimension", "quality"], ["LIMIT", 1]]
  Rendered likes/_form.html.erb (0.1ms)
  [1m[36mRatingCache Load (0.3ms)[0m  [1m[34mSELECT  "rating_caches".* FROM "rating_caches" WHERE "rating_caches"."cacheable_id" = $1 AND "rating_caches"."cacheable_type" = $2 AND "rating_caches"."dimension" = $3 LIMIT $4[0m  [["cacheable_id", 3], ["cacheable_type", "Movie"], ["dimension", "quality"], ["LIMIT", 1]]
  Rendered likes/_form.html.erb (0.1ms)
  [1m[36mRatingCache Load (0.2ms)[0m  [1m[34mSELECT  "rating_caches".* FROM "rating_caches" WHERE "rating_caches"."cacheable_id" = $1 AND "rating_caches"."cacheable_type" = $2 AND "rating_caches"."dimension" = $3 LIMIT $4[0m  [["cacheable_id", 4], ["cacheable_type", "Movie"], ["dimension", "quality"], ["LIMIT", 1]]
  Rendered likes/_form.html.erb (0.1ms)
  [1m[36mRatingCache Load (0.3ms)[0m  [1m[34mSELECT  "rating_caches".* FROM "rating_caches" WHERE "rating_caches"."cacheable_id" = $1 AND "rating_caches"."cacheable_type" = $2 AND "rating_caches"."dimension" = $3 LIMIT $4[0m  [["cacheable_id", 5], ["cacheable_type", "Movie"], ["dimension", "quality"], ["LIMIT", 1]]
  Rendered likes/_form.html.erb (0.1ms)
  [1m[36mRatingCache Load (0.3ms)[0m  [1m[34mSELECT  "rating_caches".* FROM "rating_caches" WHERE "rating_caches"."cacheable_id" = $1 AND "rating_caches"."cacheable_type" = $2 AND "rating_caches"."dimension" = $3 LIMIT $4[0m  [["cacheable_id", 6], ["cacheable_type", "Movie"], ["dimension", "quality"], ["LIMIT", 1]]
  Rendered likes/_form.html.erb (0.1ms)
  [1m[36mRatingCache Load (0.3ms)[0m  [1m[34mSELECT  "rating_caches".* FROM "rating_caches" WHERE "rating_caches"."cacheable_id" = $1 AND "rating_caches"."cacheable_type" = $2 AND "rating_caches"."dimension" = $3 LIMIT $4[0m  [["cacheable_id", 7], ["cacheable_type", "Movie"], ["dimension", "quality"], ["LIMIT", 1]]
  Rendered likes/_form.html.erb (0.1ms)
  [1m[36mRatingCache Load (0.2ms)[0m  [1m[34mSELECT  "rating_caches".* FROM "rating_caches" WHERE "rating_caches"."cacheable_id" = $1 AND "rating_caches"."cacheable_type" = $2 AND "rating_caches"."dimension" = $3 LIMIT $4[0m  [["cacheable_id", 8], ["cacheable_type", "Movie"], ["dimension", "quality"], ["LIMIT", 1]]
  Rendered likes/_form.html.erb (0.1ms)
  Rendered movies/index.html.erb within layouts/application (48.6ms)
  Rendered partials/_normal_navbar.html.erb (0.4ms)
  Rendered partials/_navbar.html.erb (1.1ms)
  Rendered partials/_alerts.html.erb (0.2ms)
Completed 200 OK in 181ms (Views: 172.4ms | ActiveRecord: 7.7ms)


Started GET "/fonts/material-design-icons/MaterialIcons-Regular.ttf" for 127.0.0.1 at 2018-07-02 00:22:39 +0530
  
ActionController::RoutingError (No route matches [GET] "/fonts/material-design-icons/MaterialIcons-Regular.ttf"):
  
actionpack (5.0.6) lib/action_dispatch/middleware/debug_exceptions.rb:53:in `call'
web-console (3.5.1) lib/web_console/middleware.rb:135:in `call_app'
web-console (3.5.1) lib/web_console/middleware.rb:28:in `block in call'
web-console (3.5.1) lib/web_console/middleware.rb:18:in `catch'
web-console (3.5.1) lib/web_console/middleware.rb:18:in `call'
actionpack (5.0.6) lib/action_dispatch/middleware/show_exceptions.rb:31:in `call'
railties (5.0.6) lib/rails/rack/logger.rb:36:in `call_app'
railties (5.0.6) lib/rails/rack/logger.rb:24:in `block in call'
activesupport (5.0.6) lib/active_support/tagged_logging.rb:69:in `block in tagged'
activesupport (5.0.6) lib/active_support/tagged_logging.rb:26:in `tagged'
activesupport (5.0.6) lib/active_support/tagged_logging.rb:69:in `tagged'
railties (5.0.6) lib/rails/rack/logger.rb:24:in `call'
sprockets-rails (3.2.1) lib/sprockets/rails/quiet_assets.rb:13:in `call'
actionpack (5.0.6) lib/action_dispatch/middleware/request_id.rb:24:in `call'
rack (2.0.3) lib/rack/method_override.rb:22:in `call'
rack (2.0.3) lib/rack/runtime.rb:22:in `call'
activesupport (5.0.6) lib/active_support/cache/strategy/local_cache_middleware.rb:28:in `call'
actionpack (5.0.6) lib/action_dispatch/middleware/executor.rb:12:in `call'
actionpack (5.0.6) lib/action_dispatch/middleware/static.rb:136:in `call'
rack (2.0.3) lib/rack/sendfile.rb:111:in `call'
railties (5.0.6) lib/rails/engine.rb:522:in `call'
puma (3.10.0) lib/puma/configuration.rb:225:in `call'
puma (3.10.0) lib/puma/server.rb:605:in `handle_request'
puma (3.10.0) lib/puma/server.rb:437:in `process_client'
puma (3.10.0) lib/puma/server.rb:301:in `block in run'
puma (3.10.0) lib/puma/thread_pool.rb:120:in `block in spawn_thread'
  Rendering /var/lib/gems/2.3.0/gems/actionpack-5.0.6/lib/action_dispatch/middleware/templates/rescues/routing_error.html.erb within rescues/layout
  Rendering /var/lib/gems/2.3.0/gems/actionpack-5.0.6/lib/action_dispatch/middleware/templates/rescues/_trace.html.erb
  Rendered /var/lib/gems/2.3.0/gems/actionpack-5.0.6/lib/action_dispatch/middleware/templates/rescues/_trace.html.erb (1.2ms)
  Rendered collection of /var/lib/gems/2.3.0/gems/actionpack-5.0.6/lib/action_dispatch/middleware/templates/routes/_route.html.erb [162 times] (37.8ms)
  Rendered collection of /var/lib/gems/2.3.0/gems/actionpack-5.0.6/lib/action_dispatch/middleware/templates/routes/_route.html.erb [73 times] (13.7ms)
  Rendered /var/lib/gems/2.3.0/gems/actionpack-5.0.6/lib/action_dispatch/middleware/templates/routes/_table.html.erb (2.7ms)
  Rendering /var/lib/gems/2.3.0/gems/actionpack-5.0.6/lib/action_dispatch/middleware/templates/rescues/_request_and_response.html.erb
  Rendered /var/lib/gems/2.3.0/gems/actionpack-5.0.6/lib/action_dispatch/middleware/templates/rescues/_request_and_response.html.erb (1.1ms)
  Rendered /var/lib/gems/2.3.0/gems/actionpack-5.0.6/lib/action_dispatch/middleware/templates/rescues/routing_error.html.erb within rescues/layout (90.4ms)
Started GET "/fonts/material-design-icons/MaterialIcons-Regular.woff2" for 127.0.0.1 at 2018-07-02 00:22:39 +0530
  
ActionController::RoutingError (No route matches [GET] "/fonts/material-design-icons/MaterialIcons-Regular.woff2"):
  
actionpack (5.0.6) lib/action_dispatch/middleware/debug_exceptions.rb:53:in `call'
web-console (3.5.1) lib/web_console/middleware.rb:135:in `call_app'
web-console (3.5.1) lib/web_console/middleware.rb:28:in `block in call'
web-console (3.5.1) lib/web_console/middleware.rb:18:in `catch'
web-console (3.5.1) lib/web_console/middleware.rb:18:in `call'
actionpack (5.0.6) lib/action_dispatch/middleware/show_exceptions.rb:31:in `call'
railties (5.0.6) lib/rails/rack/logger.rb:36:in `call_app'
railties (5.0.6) lib/rails/rack/logger.rb:24:in `block in call'
activesupport (5.0.6) lib/active_support/tagged_logging.rb:69:in `block in tagged'
activesupport (5.0.6) lib/active_support/tagged_logging.rb:26:in `tagged'
activesupport (5.0.6) lib/active_support/tagged_logging.rb:69:in `tagged'
railties (5.0.6) lib/rails/rack/logger.rb:24:in `call'
sprockets-rails (3.2.1) lib/sprockets/rails/quiet_assets.rb:13:in `call'
actionpack (5.0.6) lib/action_dispatch/middleware/request_id.rb:24:in `call'
rack (2.0.3) lib/rack/method_override.rb:22:in `call'
rack (2.0.3) lib/rack/runtime.rb:22:in `call'
activesupport (5.0.6) lib/active_support/cache/strategy/local_cache_middleware.rb:28:in `call'
actionpack (5.0.6) lib/action_dispatch/middleware/executor.rb:12:in `call'
actionpack (5.0.6) lib/action_dispatch/middleware/static.rb:136:in `call'
rack (2.0.3) lib/rack/sendfile.rb:111:in `call'
railties (5.0.6) lib/rails/engine.rb:522:in `call'
puma (3.10.0) lib/puma/configuration.rb:225:in `call'
puma (3.10.0) lib/puma/server.rb:605:in `handle_request'
puma (3.10.0) lib/puma/server.rb:437:in `process_client'
puma (3.10.0) lib/puma/server.rb:301:in `block in run'
puma (3.10.0) lib/puma/thread_pool.rb:120:in `block in spawn_thread'
  Rendering /var/lib/gems/2.3.0/gems/actionpack-5.0.6/lib/action_dispatch/middleware/templates/rescues/routing_error.html.erb within rescues/layout
  Rendering /var/lib/gems/2.3.0/gems/actionpack-5.0.6/lib/action_dispatch/middleware/templates/rescues/_trace.html.erb
  Rendered /var/lib/gems/2.3.0/gems/actionpack-5.0.6/lib/action_dispatch/middleware/templates/rescues/_trace.html.erb (1.3ms)
  Rendered collection of /var/lib/gems/2.3.0/gems/actionpack-5.0.6/lib/action_dispatch/middleware/templates/routes/_route.html.erb [162 times] (26.0ms)
  Rendered collection of /var/lib/gems/2.3.0/gems/actionpack-5.0.6/lib/action_dispatch/middleware/templates/routes/_route.html.erb [73 times] (14.4ms)
  Rendered /var/lib/gems/2.3.0/gems/actionpack-5.0.6/lib/action_dispatch/middleware/templates/routes/_table.html.erb (1.0ms)
  Rendering /var/lib/gems/2.3.0/gems/actionpack-5.0.6/lib/action_dispatch/middleware/templates/rescues/_request_and_response.html.erb
  Rendered /var/lib/gems/2.3.0/gems/actionpack-5.0.6/lib/action_dispatch/middleware/templates/rescues/_request_and_response.html.erb (0.9ms)
  Rendered /var/lib/gems/2.3.0/gems/actionpack-5.0.6/lib/action_dispatch/middleware/templates/rescues/routing_error.html.erb within rescues/layout (71.5ms)
Started GET "/fonts/material-design-icons/MaterialIcons-Regular.woff" for 127.0.0.1 at 2018-07-02 00:22:39 +0530
  
ActionController::RoutingError (No route matches [GET] "/fonts/material-design-icons/MaterialIcons-Regular.woff"):
  
actionpack (5.0.6) lib/action_dispatch/middleware/debug_exceptions.rb:53:in `call'
web-console (3.5.1) lib/web_console/middleware.rb:135:in `call_app'
web-console (3.5.1) lib/web_console/middleware.rb:28:in `block in call'
web-console (3.5.1) lib/web_console/middleware.rb:18:in `catch'
web-console (3.5.1) lib/web_console/middleware.rb:18:in `call'
actionpack (5.0.6) lib/action_dispatch/middleware/show_exceptions.rb:31:in `call'
railties (5.0.6) lib/rails/rack/logger.rb:36:in `call_app'
railties (5.0.6) lib/rails/rack/logger.rb:24:in `block in call'
activesupport (5.0.6) lib/active_support/tagged_logging.rb:69:in `block in tagged'
activesupport (5.0.6) lib/active_support/tagged_logging.rb:26:in `tagged'
activesupport (5.0.6) lib/active_support/tagged_logging.rb:69:in `tagged'
railties (5.0.6) lib/rails/rack/logger.rb:24:in `call'
sprockets-rails (3.2.1) lib/sprockets/rails/quiet_assets.rb:13:in `call'
actionpack (5.0.6) lib/action_dispatch/middleware/request_id.rb:24:in `call'
rack (2.0.3) lib/rack/method_override.rb:22:in `call'
rack (2.0.3) lib/rack/runtime.rb:22:in `call'
activesupport (5.0.6) lib/active_support/cache/strategy/local_cache_middleware.rb:28:in `call'
actionpack (5.0.6) lib/action_dispatch/middleware/executor.rb:12:in `call'
actionpack (5.0.6) lib/action_dispatch/middleware/static.rb:136:in `call'
rack (2.0.3) lib/rack/sendfile.rb:111:in `call'
railties (5.0.6) lib/rails/engine.rb:522:in `call'
puma (3.10.0) lib/puma/configuration.rb:225:in `call'
puma (3.10.0) lib/puma/server.rb:605:in `handle_request'
puma (3.10.0) lib/puma/server.rb:437:in `process_client'
puma (3.10.0) lib/puma/server.rb:301:in `block in run'
puma (3.10.0) lib/puma/thread_pool.rb:120:in `block in spawn_thread'
  Rendering /var/lib/gems/2.3.0/gems/actionpack-5.0.6/lib/action_dispatch/middleware/templates/rescues/routing_error.html.erb within rescues/layout
  Rendering /var/lib/gems/2.3.0/gems/actionpack-5.0.6/lib/action_dispatch/middleware/templates/rescues/_trace.html.erb
  Rendered /var/lib/gems/2.3.0/gems/actionpack-5.0.6/lib/action_dispatch/middleware/templates/rescues/_trace.html.erb (1.3ms)
  Rendered collection of /var/lib/gems/2.3.0/gems/actionpack-5.0.6/lib/action_dispatch/middleware/templates/routes/_route.html.erb [162 times] (24.7ms)
  Rendered collection of /var/lib/gems/2.3.0/gems/actionpack-5.0.6/lib/action_dispatch/middleware/templates/routes/_route.html.erb [73 times] (11.3ms)
  Rendered /var/lib/gems/2.3.0/gems/actionpack-5.0.6/lib/action_dispatch/middleware/templates/routes/_table.html.erb (0.9ms)
  Rendering /var/lib/gems/2.3.0/gems/actionpack-5.0.6/lib/action_dispatch/middleware/templates/rescues/_request_and_response.html.erb
  Rendered /var/lib/gems/2.3.0/gems/actionpack-5.0.6/lib/action_dispatch/middleware/templates/rescues/_request_and_response.html.erb (0.8ms)
  Rendered /var/lib/gems/2.3.0/gems/actionpack-5.0.6/lib/action_dispatch/middleware/templates/rescues/routing_error.html.erb within rescues/layout (65.4ms)
